[0.010s] Invoking command in '/home/chujoken/ros2_ws/build/crane_x7_description': CMAKE_PREFIX_PATH=${CMAKE_PREFIX_PATH}:/home/chujoken/ros2_ws/install/crane_x7_examples_py:/opt/ros/jazzy DEBUGINFOD_URLS=https://debuginfod.ubuntu.com /usr/bin/cmake --build /home/chujoken/ros2_ws/build/crane_x7_description -- -j16 -l16
[0.051s] Built target ament_cmake_python_copy_crane_x7_description
[0.265s] running egg_info
[0.289s] writing crane_x7_description.egg-info/PKG-INFO
[0.289s] writing dependency_links to crane_x7_description.egg-info/dependency_links.txt
[0.290s] writing top-level names to crane_x7_description.egg-info/top_level.txt
[0.362s] reading manifest file 'crane_x7_description.egg-info/SOURCES.txt'
[0.362s] writing manifest file 'crane_x7_description.egg-info/SOURCES.txt'
[0.380s] Built target ament_cmake_python_build_crane_x7_description_egg
[0.388s] Invoked command in '/home/chujoken/ros2_ws/build/crane_x7_description' returned '0': CMAKE_PREFIX_PATH=${CMAKE_PREFIX_PATH}:/home/chujoken/ros2_ws/install/crane_x7_examples_py:/opt/ros/jazzy DEBUGINFOD_URLS=https://debuginfod.ubuntu.com /usr/bin/cmake --build /home/chujoken/ros2_ws/build/crane_x7_description -- -j16 -l16
[0.389s] Invoking command in '/home/chujoken/ros2_ws/build/crane_x7_description': CMAKE_PREFIX_PATH=${CMAKE_PREFIX_PATH}:/home/chujoken/ros2_ws/install/crane_x7_examples_py:/opt/ros/jazzy DEBUGINFOD_URLS=https://debuginfod.ubuntu.com /usr/bin/cmake --install /home/chujoken/ros2_ws/build/crane_x7_description
[0.394s] -- Install configuration: ""
[0.395s] -- Up-to-date: /home/chujoken/ros2_ws/install/crane_x7_description/share/crane_x7_description//config
[0.395s] -- Up-to-date: /home/chujoken/ros2_ws/install/crane_x7_description/share/crane_x7_description//config/dummy_controllers.yaml
[0.395s] -- Up-to-date: /home/chujoken/ros2_ws/install/crane_x7_description/share/crane_x7_description//launch
[0.395s] -- Up-to-date: /home/chujoken/ros2_ws/install/crane_x7_description/share/crane_x7_description//launch/display.launch.py
[0.395s] -- Up-to-date: /home/chujoken/ros2_ws/install/crane_x7_description/share/crane_x7_description//launch/display.rviz
[0.395s] -- Up-to-date: /home/chujoken/ros2_ws/install/crane_x7_description/share/crane_x7_description//meshes
[0.395s] -- Up-to-date: /home/chujoken/ros2_ws/install/crane_x7_description/share/crane_x7_description//meshes/collision
[0.395s] -- Up-to-date: /home/chujoken/ros2_ws/install/crane_x7_description/share/crane_x7_description//meshes/collision/rotating_link_type_1_revolute_part.stl
[0.395s] -- Up-to-date: /home/chujoken/ros2_ws/install/crane_x7_description/share/crane_x7_description//meshes/collision/wide_two_finger_gripper_finger_a.skp
[0.395s] -- Up-to-date: /home/chujoken/ros2_ws/install/crane_x7_description/share/crane_x7_description//meshes/collision/wide_two_finger_gripper_finger_a.stl
[0.395s] -- Up-to-date: /home/chujoken/ros2_ws/install/crane_x7_description/share/crane_x7_description//meshes/collision/wrist.stl
[0.395s] -- Up-to-date: /home/chujoken/ros2_ws/install/crane_x7_description/share/crane_x7_description//meshes/collision/rotating_link_type_2_fixed_part.stl
[0.395s] -- Up-to-date: /home/chujoken/ros2_ws/install/crane_x7_description/share/crane_x7_description//meshes/collision/base_fixed_part.stl
[0.395s] -- Up-to-date: /home/chujoken/ros2_ws/install/crane_x7_description/share/crane_x7_description//meshes/collision/wide_two_finger_gripper_finger_b.stl
[0.396s] -- Up-to-date: /home/chujoken/ros2_ws/install/crane_x7_description/share/crane_x7_description//meshes/collision/base_fixed_part.skp
[0.396s] -- Up-to-date: /home/chujoken/ros2_ws/install/crane_x7_description/share/crane_x7_description//meshes/collision/mounting_plate.skp
[0.396s] -- Up-to-date: /home/chujoken/ros2_ws/install/crane_x7_description/share/crane_x7_description//meshes/collision/wrist.skp
[0.396s] -- Up-to-date: /home/chujoken/ros2_ws/install/crane_x7_description/share/crane_x7_description//meshes/collision/rotating_link_type_1_revolute_part.skp
[0.396s] -- Up-to-date: /home/chujoken/ros2_ws/install/crane_x7_description/share/crane_x7_description//meshes/collision/rotating_link_type_2_revolute_part.stl
[0.396s] -- Up-to-date: /home/chujoken/ros2_ws/install/crane_x7_description/share/crane_x7_description//meshes/collision/mounting_plate.stl
[0.396s] -- Up-to-date: /home/chujoken/ros2_ws/install/crane_x7_description/share/crane_x7_description//meshes/collision/rotating_link_type_1_fixed_part.stl
[0.396s] -- Up-to-date: /home/chujoken/ros2_ws/install/crane_x7_description/share/crane_x7_description//meshes/collision/wide_two_finger_gripper_finger_b.skp
[0.396s] -- Up-to-date: /home/chujoken/ros2_ws/install/crane_x7_description/share/crane_x7_description//meshes/collision/rotating_link_type_1_fixed_part.skp
[0.396s] -- Up-to-date: /home/chujoken/ros2_ws/install/crane_x7_description/share/crane_x7_description//meshes/collision/rotating_link_type_2_revolute_part.skp
[0.396s] -- Up-to-date: /home/chujoken/ros2_ws/install/crane_x7_description/share/crane_x7_description//meshes/collision/rotating_link_type_2_fixed_part.skp
[0.396s] -- Up-to-date: /home/chujoken/ros2_ws/install/crane_x7_description/share/crane_x7_description//meshes/collision/wide_two_finger_gripper_actuator.skp
[0.396s] -- Up-to-date: /home/chujoken/ros2_ws/install/crane_x7_description/share/crane_x7_description//meshes/collision/wide_two_finger_gripper_actuator.stl
[0.396s] -- Up-to-date: /home/chujoken/ros2_ws/install/crane_x7_description/share/crane_x7_description//meshes/visual
[0.396s] -- Up-to-date: /home/chujoken/ros2_ws/install/crane_x7_description/share/crane_x7_description//meshes/visual/rotating_link_type_1_revolute_part.stl
[0.396s] -- Up-to-date: /home/chujoken/ros2_ws/install/crane_x7_description/share/crane_x7_description//meshes/visual/wide_two_finger_gripper_finger_a.stl
[0.396s] -- Up-to-date: /home/chujoken/ros2_ws/install/crane_x7_description/share/crane_x7_description//meshes/visual/wrist.stl
[0.397s] -- Up-to-date: /home/chujoken/ros2_ws/install/crane_x7_description/share/crane_x7_description//meshes/visual/rotating_link_type_2_fixed_part.stl
[0.397s] -- Up-to-date: /home/chujoken/ros2_ws/install/crane_x7_description/share/crane_x7_description//meshes/visual/base_fixed_part.stl
[0.397s] -- Up-to-date: /home/chujoken/ros2_ws/install/crane_x7_description/share/crane_x7_description//meshes/visual/wide_two_finger_gripper_finger_b.stl
[0.397s] -- Up-to-date: /home/chujoken/ros2_ws/install/crane_x7_description/share/crane_x7_description//meshes/visual/rtcorp_logo_name.stl
[0.397s] -- Up-to-date: /home/chujoken/ros2_ws/install/crane_x7_description/share/crane_x7_description//meshes/visual/base_revolute_part.stl
[0.397s] -- Up-to-date: /home/chujoken/ros2_ws/install/crane_x7_description/share/crane_x7_description//meshes/visual/rotating_link_type_2_revolute_part.stl
[0.397s] -- Up-to-date: /home/chujoken/ros2_ws/install/crane_x7_description/share/crane_x7_description//meshes/visual/mounting_plate.stl
[0.397s] -- Up-to-date: /home/chujoken/ros2_ws/install/crane_x7_description/share/crane_x7_description//meshes/visual/rotating_link_type_1_fixed_part.stl
[0.397s] -- Up-to-date: /home/chujoken/ros2_ws/install/crane_x7_description/share/crane_x7_description//meshes/visual/joint_cover.stl
[0.397s] -- Up-to-date: /home/chujoken/ros2_ws/install/crane_x7_description/share/crane_x7_description//meshes/visual/rtcorp_logo_rabbit.stl
[0.397s] -- Up-to-date: /home/chujoken/ros2_ws/install/crane_x7_description/share/crane_x7_description//meshes/visual/wide_two_finger_gripper_actuator.stl
[0.397s] -- Up-to-date: /home/chujoken/ros2_ws/install/crane_x7_description/share/crane_x7_description//urdf
[0.397s] -- Up-to-date: /home/chujoken/ros2_ws/install/crane_x7_description/share/crane_x7_description//urdf/crane_x7_wide_two_finger_gripper.xacro
[0.397s] -- Up-to-date: /home/chujoken/ros2_ws/install/crane_x7_description/share/crane_x7_description//urdf/crane_x7_arm.xacro
[0.397s] -- Up-to-date: /home/chujoken/ros2_ws/install/crane_x7_description/share/crane_x7_description//urdf/crane_x7.urdf.xacro
[0.397s] -- Up-to-date: /home/chujoken/ros2_ws/install/crane_x7_description/share/crane_x7_description//urdf/crane_x7_rt_logos.xacro
[0.397s] -- Up-to-date: /home/chujoken/ros2_ws/install/crane_x7_description/share/crane_x7_description//urdf/crane_x7.xacro
[0.398s] -- Up-to-date: /home/chujoken/ros2_ws/install/crane_x7_description/share/crane_x7_description//urdf/crane_x7_mounting_plate.xacro
[0.398s] -- Up-to-date: /home/chujoken/ros2_ws/install/crane_x7_description/share/crane_x7_description//urdf/crane_x7.gazebo.xacro
[0.398s] -- Up-to-date: /home/chujoken/ros2_ws/install/crane_x7_description/share/crane_x7_description//urdf/crane_x7.gazebo_ros2_control.xacro
[0.398s] -- Up-to-date: /home/chujoken/ros2_ws/install/crane_x7_description/share/crane_x7_description//urdf/crane_x7.ros2_control.xacro
[0.398s] -- Up-to-date: /home/chujoken/ros2_ws/install/crane_x7_description/share/crane_x7_description/environment/pythonpath.sh
[0.398s] -- Up-to-date: /home/chujoken/ros2_ws/install/crane_x7_description/share/crane_x7_description/environment/pythonpath.dsv
[0.398s] -- Up-to-date: /home/chujoken/ros2_ws/install/crane_x7_description/lib/python3.12/site-packages/crane_x7_description-4.0.0-py3.12.egg-info
[0.398s] -- Installing: /home/chujoken/ros2_ws/install/crane_x7_description/lib/python3.12/site-packages/crane_x7_description-4.0.0-py3.12.egg-info/PKG-INFO
[0.398s] -- Installing: /home/chujoken/ros2_ws/install/crane_x7_description/lib/python3.12/site-packages/crane_x7_description-4.0.0-py3.12.egg-info/dependency_links.txt
[0.398s] -- Installing: /home/chujoken/ros2_ws/install/crane_x7_description/lib/python3.12/site-packages/crane_x7_description-4.0.0-py3.12.egg-info/SOURCES.txt
[0.398s] -- Installing: /home/chujoken/ros2_ws/install/crane_x7_description/lib/python3.12/site-packages/crane_x7_description-4.0.0-py3.12.egg-info/top_level.txt
[0.398s] -- Up-to-date: /home/chujoken/ros2_ws/install/crane_x7_description/lib/python3.12/site-packages/crane_x7_description
[0.398s] -- Up-to-date: /home/chujoken/ros2_ws/install/crane_x7_description/lib/python3.12/site-packages/crane_x7_description/robot_description_loader.py
[0.398s] -- Up-to-date: /home/chujoken/ros2_ws/install/crane_x7_description/lib/python3.12/site-packages/crane_x7_description/__init__.py
[0.421s] Listing '/home/chujoken/ros2_ws/install/crane_x7_description/lib/python3.12/site-packages/crane_x7_description'...
[0.425s] -- Up-to-date: /home/chujoken/ros2_ws/install/crane_x7_description/lib/crane_x7_description/robot_description_loader.py
[0.425s] -- Up-to-date: /home/chujoken/ros2_ws/install/crane_x7_description/share/ament_index/resource_index/package_run_dependencies/crane_x7_description
[0.425s] -- Up-to-date: /home/chujoken/ros2_ws/install/crane_x7_description/share/ament_index/resource_index/parent_prefix_path/crane_x7_description
[0.425s] -- Up-to-date: /home/chujoken/ros2_ws/install/crane_x7_description/share/crane_x7_description/environment/ament_prefix_path.sh
[0.425s] -- Up-to-date: /home/chujoken/ros2_ws/install/crane_x7_description/share/crane_x7_description/environment/ament_prefix_path.dsv
[0.425s] -- Up-to-date: /home/chujoken/ros2_ws/install/crane_x7_description/share/crane_x7_description/environment/path.sh
[0.425s] -- Up-to-date: /home/chujoken/ros2_ws/install/crane_x7_description/share/crane_x7_description/environment/path.dsv
[0.425s] -- Up-to-date: /home/chujoken/ros2_ws/install/crane_x7_description/share/crane_x7_description/local_setup.bash
[0.425s] -- Up-to-date: /home/chujoken/ros2_ws/install/crane_x7_description/share/crane_x7_description/local_setup.sh
[0.425s] -- Up-to-date: /home/chujoken/ros2_ws/install/crane_x7_description/share/crane_x7_description/local_setup.zsh
[0.425s] -- Up-to-date: /home/chujoken/ros2_ws/install/crane_x7_description/share/crane_x7_description/local_setup.dsv
[0.426s] -- Up-to-date: /home/chujoken/ros2_ws/install/crane_x7_description/share/crane_x7_description/package.dsv
[0.426s] -- Up-to-date: /home/chujoken/ros2_ws/install/crane_x7_description/share/ament_index/resource_index/packages/crane_x7_description
[0.426s] -- Up-to-date: /home/chujoken/ros2_ws/install/crane_x7_description/share/crane_x7_description/cmake/crane_x7_descriptionConfig.cmake
[0.426s] -- Up-to-date: /home/chujoken/ros2_ws/install/crane_x7_description/share/crane_x7_description/cmake/crane_x7_descriptionConfig-version.cmake
[0.426s] -- Up-to-date: /home/chujoken/ros2_ws/install/crane_x7_description/share/crane_x7_description/package.xml
[0.427s] Invoked command in '/home/chujoken/ros2_ws/build/crane_x7_description' returned '0': CMAKE_PREFIX_PATH=${CMAKE_PREFIX_PATH}:/home/chujoken/ros2_ws/install/crane_x7_examples_py:/opt/ros/jazzy DEBUGINFOD_URLS=https://debuginfod.ubuntu.com /usr/bin/cmake --install /home/chujoken/ros2_ws/build/crane_x7_description
