running egg_info
writing ../../../build/crane_x7_examples_py/crane_x7_examples_py.egg-info/PKG-INFO
writing dependency_links to ../../../build/crane_x7_examples_py/crane_x7_examples_py.egg-info/dependency_links.txt
writing entry points to ../../../build/crane_x7_examples_py/crane_x7_examples_py.egg-info/entry_points.txt
writing requirements to ../../../build/crane_x7_examples_py/crane_x7_examples_py.egg-info/requires.txt
writing top-level names to ../../../build/crane_x7_examples_py/crane_x7_examples_py.egg-info/top_level.txt
reading manifest file '../../../build/crane_x7_examples_py/crane_x7_examples_py.egg-info/SOURCES.txt'
writing manifest file '../../../build/crane_x7_examples_py/crane_x7_examples_py.egg-info/SOURCES.txt'
running build
running build_py
running install
running install_lib
running install_data
running install_egg_info
removing '/home/chujoken/ros2_ws/install/crane_x7_examples_py/lib/python3.12/site-packages/crane_x7_examples_py-5.0.0-py3.12.egg-info' (and everything under it)
Copying ../../../build/crane_x7_examples_py/crane_x7_examples_py.egg-info to /home/chujoken/ros2_ws/install/crane_x7_examples_py/lib/python3.12/site-packages/crane_x7_examples_py-5.0.0-py3.12.egg-info
running install_scripts
Installing aruco_detection script to /home/chujoken/ros2_ws/install/crane_x7_examples_py/lib/crane_x7_examples_py
Installing color_detection script to /home/chujoken/ros2_ws/install/crane_x7_examples_py/lib/crane_x7_examples_py
Installing gripper_control script to /home/chujoken/ros2_ws/install/crane_x7_examples_py/lib/crane_x7_examples_py
Installing joint_values script to /home/chujoken/ros2_ws/install/crane_x7_examples_py/lib/crane_x7_examples_py
Installing pick_and_place script to /home/chujoken/ros2_ws/install/crane_x7_examples_py/lib/crane_x7_examples_py
Installing pick_and_place_tf script to /home/chujoken/ros2_ws/install/crane_x7_examples_py/lib/crane_x7_examples_py
Installing pose_groupstate script to /home/chujoken/ros2_ws/install/crane_x7_examples_py/lib/crane_x7_examples_py
writing list of installed files to '/home/chujoken/ros2_ws/build/crane_x7_examples_py/install.log'
