-- Install configuration: ""
-- Up-to-date: /home/chujoken/ros2_ws/install/crane_x7_moveit_config/share/crane_x7_moveit_config/launch
-- Up-to-date: /home/chujoken/ros2_ws/install/crane_x7_moveit_config/share/crane_x7_moveit_config/launch/setup_assistant.launch.py
-- Up-to-date: /home/chujoken/ros2_ws/install/crane_x7_moveit_config/share/crane_x7_moveit_config/launch/run_move_group.launch.py
-- Up-to-date: /home/chujoken/ros2_ws/install/crane_x7_moveit_config/share/crane_x7_moveit_config/config
-- Up-to-date: /home/chujoken/ros2_ws/install/crane_x7_moveit_config/share/crane_x7_moveit_config/config/kinematics.yaml
-- Up-to-date: /home/chujoken/ros2_ws/install/crane_x7_moveit_config/share/crane_x7_moveit_config/config/crane_x7.srdf
-- Up-to-date: /home/chujoken/ros2_ws/install/crane_x7_moveit_config/share/crane_x7_moveit_config/config/joint_limits.yaml
-- Up-to-date: /home/chujoken/ros2_ws/install/crane_x7_moveit_config/share/crane_x7_moveit_config/config/moveit.rviz
-- Up-to-date: /home/chujoken/ros2_ws/install/crane_x7_moveit_config/share/crane_x7_moveit_config/config/moveit_controllers.yaml
-- Up-to-date: /home/chujoken/ros2_ws/install/crane_x7_moveit_config/share/crane_x7_moveit_config/config/pilz_cartesian_limits.yaml
-- Up-to-date: /home/chujoken/ros2_ws/install/crane_x7_moveit_config/share/crane_x7_moveit_config/config/ompl_planning.yaml
-- Up-to-date: /home/chujoken/ros2_ws/install/crane_x7_moveit_config/share/crane_x7_moveit_config/.setup_assistant
-- Up-to-date: /home/chujoken/ros2_ws/install/crane_x7_moveit_config/share/ament_index/resource_index/package_run_dependencies/crane_x7_moveit_config
-- Up-to-date: /home/chujoken/ros2_ws/install/crane_x7_moveit_config/share/ament_index/resource_index/parent_prefix_path/crane_x7_moveit_config
-- Up-to-date: /home/chujoken/ros2_ws/install/crane_x7_moveit_config/share/crane_x7_moveit_config/environment/ament_prefix_path.sh
-- Up-to-date: /home/chujoken/ros2_ws/install/crane_x7_moveit_config/share/crane_x7_moveit_config/environment/ament_prefix_path.dsv
-- Up-to-date: /home/chujoken/ros2_ws/install/crane_x7_moveit_config/share/crane_x7_moveit_config/environment/path.sh
-- Up-to-date: /home/chujoken/ros2_ws/install/crane_x7_moveit_config/share/crane_x7_moveit_config/environment/path.dsv
-- Up-to-date: /home/chujoken/ros2_ws/install/crane_x7_moveit_config/share/crane_x7_moveit_config/local_setup.bash
-- Up-to-date: /home/chujoken/ros2_ws/install/crane_x7_moveit_config/share/crane_x7_moveit_config/local_setup.sh
-- Up-to-date: /home/chujoken/ros2_ws/install/crane_x7_moveit_config/share/crane_x7_moveit_config/local_setup.zsh
-- Up-to-date: /home/chujoken/ros2_ws/install/crane_x7_moveit_config/share/crane_x7_moveit_config/local_setup.dsv
-- Up-to-date: /home/chujoken/ros2_ws/install/crane_x7_moveit_config/share/crane_x7_moveit_config/package.dsv
-- Up-to-date: /home/chujoken/ros2_ws/install/crane_x7_moveit_config/share/ament_index/resource_index/packages/crane_x7_moveit_config
-- Up-to-date: /home/chujoken/ros2_ws/install/crane_x7_moveit_config/share/crane_x7_moveit_config/cmake/crane_x7_moveit_configConfig.cmake
-- Up-to-date: /home/chujoken/ros2_ws/install/crane_x7_moveit_config/share/crane_x7_moveit_config/cmake/crane_x7_moveit_configConfig-version.cmake
-- Up-to-date: /home/chujoken/ros2_ws/install/crane_x7_moveit_config/share/crane_x7_moveit_config/package.xml
