[0.008s] Invoking command in '/home/chujoken/ros2_ws/build/crane_x7_gazebo': CMAKE_PREFIX_PATH=${CMAKE_PREFIX_PATH}:/home/chujoken/ros2_ws/install/crane_x7_examples_py:/opt/ros/jazzy DEBUGINFOD_URLS=https://debuginfod.ubuntu.com /usr/bin/cmake --build /home/chujoken/ros2_ws/build/crane_x7_gazebo -- -j16 -l16
[0.035s] Invoked command in '/home/chujoken/ros2_ws/build/crane_x7_gazebo' returned '0': CMAKE_PREFIX_PATH=${CMAKE_PREFIX_PATH}:/home/chujoken/ros2_ws/install/crane_x7_examples_py:/opt/ros/jazzy DEBUGINFOD_URLS=https://debuginfod.ubuntu.com /usr/bin/cmake --build /home/chujoken/ros2_ws/build/crane_x7_gazebo -- -j16 -l16
[0.042s] Invoking command in '/home/chujoken/ros2_ws/build/crane_x7_gazebo': CMAKE_PREFIX_PATH=${CMAKE_PREFIX_PATH}:/home/chujoken/ros2_ws/install/crane_x7_examples_py:/opt/ros/jazzy DEBUGINFOD_URLS=https://debuginfod.ubuntu.com /usr/bin/cmake --install /home/chujoken/ros2_ws/build/crane_x7_gazebo
[0.047s] -- Install configuration: ""
[0.047s] -- Up-to-date: /home/chujoken/ros2_ws/install/crane_x7_gazebo/share/crane_x7_gazebo//launch
[0.047s] -- Up-to-date: /home/chujoken/ros2_ws/install/crane_x7_gazebo/share/crane_x7_gazebo//launch/crane_x7_with_table.launch.py
[0.047s] -- Up-to-date: /home/chujoken/ros2_ws/install/crane_x7_gazebo/share/crane_x7_gazebo//worlds
[0.047s] -- Up-to-date: /home/chujoken/ros2_ws/install/crane_x7_gazebo/share/crane_x7_gazebo//worlds/table.sdf
[0.047s] -- Up-to-date: /home/chujoken/ros2_ws/install/crane_x7_gazebo/share/crane_x7_gazebo//gui
[0.048s] -- Up-to-date: /home/chujoken/ros2_ws/install/crane_x7_gazebo/share/crane_x7_gazebo//gui/gui.config
[0.048s] -- Up-to-date: /home/chujoken/ros2_ws/install/crane_x7_gazebo/share/ament_index/resource_index/package_run_dependencies/crane_x7_gazebo
[0.048s] -- Up-to-date: /home/chujoken/ros2_ws/install/crane_x7_gazebo/share/ament_index/resource_index/parent_prefix_path/crane_x7_gazebo
[0.048s] -- Up-to-date: /home/chujoken/ros2_ws/install/crane_x7_gazebo/share/crane_x7_gazebo/environment/ament_prefix_path.sh
[0.048s] -- Up-to-date: /home/chujoken/ros2_ws/install/crane_x7_gazebo/share/crane_x7_gazebo/environment/ament_prefix_path.dsv
[0.048s] -- Up-to-date: /home/chujoken/ros2_ws/install/crane_x7_gazebo/share/crane_x7_gazebo/environment/path.sh
[0.048s] -- Up-to-date: /home/chujoken/ros2_ws/install/crane_x7_gazebo/share/crane_x7_gazebo/environment/path.dsv
[0.048s] -- Up-to-date: /home/chujoken/ros2_ws/install/crane_x7_gazebo/share/crane_x7_gazebo/local_setup.bash
[0.048s] -- Up-to-date: /home/chujoken/ros2_ws/install/crane_x7_gazebo/share/crane_x7_gazebo/local_setup.sh
[0.048s] -- Up-to-date: /home/chujoken/ros2_ws/install/crane_x7_gazebo/share/crane_x7_gazebo/local_setup.zsh
[0.048s] -- Up-to-date: /home/chujoken/ros2_ws/install/crane_x7_gazebo/share/crane_x7_gazebo/local_setup.dsv
[0.048s] -- Up-to-date: /home/chujoken/ros2_ws/install/crane_x7_gazebo/share/crane_x7_gazebo/package.dsv
[0.048s] -- Up-to-date: /home/chujoken/ros2_ws/install/crane_x7_gazebo/share/ament_index/resource_index/packages/crane_x7_gazebo
[0.049s] -- Up-to-date: /home/chujoken/ros2_ws/install/crane_x7_gazebo/share/crane_x7_gazebo/cmake/crane_x7_gazeboConfig.cmake
[0.049s] -- Up-to-date: /home/chujoken/ros2_ws/install/crane_x7_gazebo/share/crane_x7_gazebo/cmake/crane_x7_gazeboConfig-version.cmake
[0.049s] -- Up-to-date: /home/chujoken/ros2_ws/install/crane_x7_gazebo/share/crane_x7_gazebo/package.xml
[0.049s] Invoked command in '/home/chujoken/ros2_ws/build/crane_x7_gazebo' returned '0': CMAKE_PREFIX_PATH=${CMAKE_PREFIX_PATH}:/home/chujoken/ros2_ws/install/crane_x7_examples_py:/opt/ros/jazzy DEBUGINFOD_URLS=https://debuginfod.ubuntu.com /usr/bin/cmake --install /home/chujoken/ros2_ws/build/crane_x7_gazebo
