[100%] Built target crane_x7_hardware
-- Install configuration: ""
-- Up-to-date: /home/chujoken/ros2_ws/install/crane_x7_control/share/crane_x7_control/crane_x7_hardware.xml
-- Up-to-date: /home/chujoken/ros2_ws/install/crane_x7_control/lib/libcrane_x7_hardware.so
-- Up-to-date: /home/chujoken/ros2_ws/install/crane_x7_control/include
-- Up-to-date: /home/chujoken/ros2_ws/install/crane_x7_control/include/crane_x7_control
-- Up-to-date: /home/chujoken/ros2_ws/install/crane_x7_control/include/crane_x7_control/visibility_control.h
-- Up-to-date: /home/chujoken/ros2_ws/install/crane_x7_control/include/crane_x7_control/crane_x7_hardware.hpp
-- Up-to-date: /home/chujoken/ros2_ws/install/crane_x7_control/share/crane_x7_control//launch
-- Up-to-date: /home/chujoken/ros2_ws/install/crane_x7_control/share/crane_x7_control//launch/crane_x7_control.launch.py
-- Up-to-date: /home/chujoken/ros2_ws/install/crane_x7_control/share/crane_x7_control//config
-- Up-to-date: /home/chujoken/ros2_ws/install/crane_x7_control/share/crane_x7_control//config/crane_x7_controllers.yaml
-- Up-to-date: /home/chujoken/ros2_ws/install/crane_x7_control/share/crane_x7_control//config/manipulator_config.yaml
-- Up-to-date: /home/chujoken/ros2_ws/install/crane_x7_control/share/crane_x7_control//config/manipulator_links.csv
-- Up-to-date: /home/chujoken/ros2_ws/install/crane_x7_control/share/crane_x7_control/environment/library_path.sh
-- Up-to-date: /home/chujoken/ros2_ws/install/crane_x7_control/share/crane_x7_control/environment/library_path.dsv
-- Up-to-date: /home/chujoken/ros2_ws/install/crane_x7_control/share/ament_index/resource_index/package_run_dependencies/crane_x7_control
-- Up-to-date: /home/chujoken/ros2_ws/install/crane_x7_control/share/ament_index/resource_index/parent_prefix_path/crane_x7_control
-- Up-to-date: /home/chujoken/ros2_ws/install/crane_x7_control/share/crane_x7_control/environment/ament_prefix_path.sh
-- Up-to-date: /home/chujoken/ros2_ws/install/crane_x7_control/share/crane_x7_control/environment/ament_prefix_path.dsv
-- Up-to-date: /home/chujoken/ros2_ws/install/crane_x7_control/share/crane_x7_control/environment/path.sh
-- Up-to-date: /home/chujoken/ros2_ws/install/crane_x7_control/share/crane_x7_control/environment/path.dsv
-- Up-to-date: /home/chujoken/ros2_ws/install/crane_x7_control/share/crane_x7_control/local_setup.bash
-- Up-to-date: /home/chujoken/ros2_ws/install/crane_x7_control/share/crane_x7_control/local_setup.sh
-- Up-to-date: /home/chujoken/ros2_ws/install/crane_x7_control/share/crane_x7_control/local_setup.zsh
-- Up-to-date: /home/chujoken/ros2_ws/install/crane_x7_control/share/crane_x7_control/local_setup.dsv
-- Installing: /home/chujoken/ros2_ws/install/crane_x7_control/share/crane_x7_control/package.dsv
-- Up-to-date: /home/chujoken/ros2_ws/install/crane_x7_control/share/ament_index/resource_index/packages/crane_x7_control
-- Up-to-date: /home/chujoken/ros2_ws/install/crane_x7_control/share/ament_index/resource_index/hardware_interface__pluginlib__plugin/crane_x7_control
-- Up-to-date: /home/chujoken/ros2_ws/install/crane_x7_control/share/crane_x7_control/cmake/ament_cmake_export_include_directories-extras.cmake
-- Up-to-date: /home/chujoken/ros2_ws/install/crane_x7_control/share/crane_x7_control/cmake/ament_cmake_export_libraries-extras.cmake
-- Up-to-date: /home/chujoken/ros2_ws/install/crane_x7_control/share/crane_x7_control/cmake/ament_cmake_export_dependencies-extras.cmake
-- Up-to-date: /home/chujoken/ros2_ws/install/crane_x7_control/share/crane_x7_control/cmake/crane_x7_controlConfig.cmake
-- Up-to-date: /home/chujoken/ros2_ws/install/crane_x7_control/share/crane_x7_control/cmake/crane_x7_controlConfig-version.cmake
-- Up-to-date: /home/chujoken/ros2_ws/install/crane_x7_control/share/crane_x7_control/package.xml
