[0.007s] Invoking command in '/home/chujoken/ros2_ws/build/crane_x7_moveit_config': CMAKE_PREFIX_PATH=/home/chujoken/ros2_ws/install/crane_x7_description:/home/chujoken/ros2_ws/install/crane_x7:/home/chujoken/ros2_ws/install/crane_x7_examples:/home/chujoken/ros2_ws/install/crane_x7_moveit_config:/home/chujoken/ros2_ws/install/crane_x7_gazebo:/home/chujoken/ros2_ws/install/crane_x7_control:/opt/ros/jazzy/opt/gz_sim_vendor:/opt/ros/jazzy/opt/gz_sensors_vendor:/opt/ros/jazzy/opt/gz_physics_vendor:/opt/ros/jazzy/opt/sdformat_vendor:/opt/ros/jazzy/opt/gz_gui_vendor:/opt/ros/jazzy/opt/gz_transport_vendor:/opt/ros/jazzy/opt/gz_rendering_vendor:/opt/ros/jazzy/opt/gz_plugin_vendor:/opt/ros/jazzy/opt/gz_fuel_tools_vendor:/opt/ros/jazzy/opt/gz_msgs_vendor:/opt/ros/jazzy/opt/gz_common_vendor:/opt/ros/jazzy/opt/gz_math_vendor:/opt/ros/jazzy/opt/gz_utils_vendor:/opt/ros/jazzy/opt/gz_tools_vendor:/opt/ros/jazzy/opt/gz_ogre_next_vendor:/opt/ros/jazzy/opt/gz_dartsim_vendor:/opt/ros/jazzy/opt/gz_cmake_vendor:/home/chujoken/ros2_ws/install/crane_x7_examples_py:/opt/ros/jazzy DEBUGINFOD_URLS=https://debuginfod.ubuntu.com PYTHONPATH=/home/chujoken/ros2_ws/install/crane_x7_description/lib/python3.12/site-packages:/home/chujoken/ros2_ws_3/build/crane_x7_examples_py:/home/chujoken/ros2_ws/install/crane_x7_examples_py/lib/python3.12/site-packages:/opt/ros/jazzy/lib/python3.12/site-packages /usr/bin/cmake --build /home/chujoken/ros2_ws/build/crane_x7_moveit_config -- -j16 -l16
[0.035s] Invoked command in '/home/chujoken/ros2_ws/build/crane_x7_moveit_config' returned '0': CMAKE_PREFIX_PATH=/home/chujoken/ros2_ws/install/crane_x7_description:/home/chujoken/ros2_ws/install/crane_x7:/home/chujoken/ros2_ws/install/crane_x7_examples:/home/chujoken/ros2_ws/install/crane_x7_moveit_config:/home/chujoken/ros2_ws/install/crane_x7_gazebo:/home/chujoken/ros2_ws/install/crane_x7_control:/opt/ros/jazzy/opt/gz_sim_vendor:/opt/ros/jazzy/opt/gz_sensors_vendor:/opt/ros/jazzy/opt/gz_physics_vendor:/opt/ros/jazzy/opt/sdformat_vendor:/opt/ros/jazzy/opt/gz_gui_vendor:/opt/ros/jazzy/opt/gz_transport_vendor:/opt/ros/jazzy/opt/gz_rendering_vendor:/opt/ros/jazzy/opt/gz_plugin_vendor:/opt/ros/jazzy/opt/gz_fuel_tools_vendor:/opt/ros/jazzy/opt/gz_msgs_vendor:/opt/ros/jazzy/opt/gz_common_vendor:/opt/ros/jazzy/opt/gz_math_vendor:/opt/ros/jazzy/opt/gz_utils_vendor:/opt/ros/jazzy/opt/gz_tools_vendor:/opt/ros/jazzy/opt/gz_ogre_next_vendor:/opt/ros/jazzy/opt/gz_dartsim_vendor:/opt/ros/jazzy/opt/gz_cmake_vendor:/home/chujoken/ros2_ws/install/crane_x7_examples_py:/opt/ros/jazzy DEBUGINFOD_URLS=https://debuginfod.ubuntu.com PYTHONPATH=/home/chujoken/ros2_ws/install/crane_x7_description/lib/python3.12/site-packages:/home/chujoken/ros2_ws_3/build/crane_x7_examples_py:/home/chujoken/ros2_ws/install/crane_x7_examples_py/lib/python3.12/site-packages:/opt/ros/jazzy/lib/python3.12/site-packages /usr/bin/cmake --build /home/chujoken/ros2_ws/build/crane_x7_moveit_config -- -j16 -l16
[0.036s] Invoking command in '/home/chujoken/ros2_ws/build/crane_x7_moveit_config': CMAKE_PREFIX_PATH=/home/chujoken/ros2_ws/install/crane_x7_description:/home/chujoken/ros2_ws/install/crane_x7:/home/chujoken/ros2_ws/install/crane_x7_examples:/home/chujoken/ros2_ws/install/crane_x7_moveit_config:/home/chujoken/ros2_ws/install/crane_x7_gazebo:/home/chujoken/ros2_ws/install/crane_x7_control:/opt/ros/jazzy/opt/gz_sim_vendor:/opt/ros/jazzy/opt/gz_sensors_vendor:/opt/ros/jazzy/opt/gz_physics_vendor:/opt/ros/jazzy/opt/sdformat_vendor:/opt/ros/jazzy/opt/gz_gui_vendor:/opt/ros/jazzy/opt/gz_transport_vendor:/opt/ros/jazzy/opt/gz_rendering_vendor:/opt/ros/jazzy/opt/gz_plugin_vendor:/opt/ros/jazzy/opt/gz_fuel_tools_vendor:/opt/ros/jazzy/opt/gz_msgs_vendor:/opt/ros/jazzy/opt/gz_common_vendor:/opt/ros/jazzy/opt/gz_math_vendor:/opt/ros/jazzy/opt/gz_utils_vendor:/opt/ros/jazzy/opt/gz_tools_vendor:/opt/ros/jazzy/opt/gz_ogre_next_vendor:/opt/ros/jazzy/opt/gz_dartsim_vendor:/opt/ros/jazzy/opt/gz_cmake_vendor:/home/chujoken/ros2_ws/install/crane_x7_examples_py:/opt/ros/jazzy DEBUGINFOD_URLS=https://debuginfod.ubuntu.com PYTHONPATH=/home/chujoken/ros2_ws/install/crane_x7_description/lib/python3.12/site-packages:/home/chujoken/ros2_ws_3/build/crane_x7_examples_py:/home/chujoken/ros2_ws/install/crane_x7_examples_py/lib/python3.12/site-packages:/opt/ros/jazzy/lib/python3.12/site-packages /usr/bin/cmake --install /home/chujoken/ros2_ws/build/crane_x7_moveit_config
[0.042s] -- Install configuration: ""
[0.042s] -- Up-to-date: /home/chujoken/ros2_ws/install/crane_x7_moveit_config/share/crane_x7_moveit_config/launch
[0.042s] -- Up-to-date: /home/chujoken/ros2_ws/install/crane_x7_moveit_config/share/crane_x7_moveit_config/launch/setup_assistant.launch.py
[0.042s] -- Up-to-date: /home/chujoken/ros2_ws/install/crane_x7_moveit_config/share/crane_x7_moveit_config/launch/run_move_group.launch.py
[0.042s] -- Up-to-date: /home/chujoken/ros2_ws/install/crane_x7_moveit_config/share/crane_x7_moveit_config/config
[0.042s] -- Up-to-date: /home/chujoken/ros2_ws/install/crane_x7_moveit_config/share/crane_x7_moveit_config/config/kinematics.yaml
[0.042s] -- Up-to-date: /home/chujoken/ros2_ws/install/crane_x7_moveit_config/share/crane_x7_moveit_config/config/crane_x7.srdf
[0.042s] -- Up-to-date: /home/chujoken/ros2_ws/install/crane_x7_moveit_config/share/crane_x7_moveit_config/config/joint_limits.yaml
[0.042s] -- Up-to-date: /home/chujoken/ros2_ws/install/crane_x7_moveit_config/share/crane_x7_moveit_config/config/moveit.rviz
[0.042s] -- Up-to-date: /home/chujoken/ros2_ws/install/crane_x7_moveit_config/share/crane_x7_moveit_config/config/moveit_controllers.yaml
[0.042s] -- Up-to-date: /home/chujoken/ros2_ws/install/crane_x7_moveit_config/share/crane_x7_moveit_config/config/pilz_cartesian_limits.yaml
[0.042s] -- Up-to-date: /home/chujoken/ros2_ws/install/crane_x7_moveit_config/share/crane_x7_moveit_config/config/ompl_planning.yaml
[0.042s] -- Up-to-date: /home/chujoken/ros2_ws/install/crane_x7_moveit_config/share/crane_x7_moveit_config/.setup_assistant
[0.043s] -- Up-to-date: /home/chujoken/ros2_ws/install/crane_x7_moveit_config/share/ament_index/resource_index/package_run_dependencies/crane_x7_moveit_config
[0.043s] -- Up-to-date: /home/chujoken/ros2_ws/install/crane_x7_moveit_config/share/ament_index/resource_index/parent_prefix_path/crane_x7_moveit_config
[0.043s] -- Up-to-date: /home/chujoken/ros2_ws/install/crane_x7_moveit_config/share/crane_x7_moveit_config/environment/ament_prefix_path.sh
[0.043s] -- Up-to-date: /home/chujoken/ros2_ws/install/crane_x7_moveit_config/share/crane_x7_moveit_config/environment/ament_prefix_path.dsv
[0.043s] -- Up-to-date: /home/chujoken/ros2_ws/install/crane_x7_moveit_config/share/crane_x7_moveit_config/environment/path.sh
[0.043s] -- Up-to-date: /home/chujoken/ros2_ws/install/crane_x7_moveit_config/share/crane_x7_moveit_config/environment/path.dsv
[0.043s] -- Up-to-date: /home/chujoken/ros2_ws/install/crane_x7_moveit_config/share/crane_x7_moveit_config/local_setup.bash
[0.043s] -- Up-to-date: /home/chujoken/ros2_ws/install/crane_x7_moveit_config/share/crane_x7_moveit_config/local_setup.sh
[0.043s] -- Up-to-date: /home/chujoken/ros2_ws/install/crane_x7_moveit_config/share/crane_x7_moveit_config/local_setup.zsh
[0.043s] -- Up-to-date: /home/chujoken/ros2_ws/install/crane_x7_moveit_config/share/crane_x7_moveit_config/local_setup.dsv
[0.043s] -- Up-to-date: /home/chujoken/ros2_ws/install/crane_x7_moveit_config/share/crane_x7_moveit_config/package.dsv
[0.043s] -- Up-to-date: /home/chujoken/ros2_ws/install/crane_x7_moveit_config/share/ament_index/resource_index/packages/crane_x7_moveit_config
[0.044s] -- Up-to-date: /home/chujoken/ros2_ws/install/crane_x7_moveit_config/share/crane_x7_moveit_config/cmake/crane_x7_moveit_configConfig.cmake
[0.044s] -- Up-to-date: /home/chujoken/ros2_ws/install/crane_x7_moveit_config/share/crane_x7_moveit_config/cmake/crane_x7_moveit_configConfig-version.cmake
[0.044s] -- Up-to-date: /home/chujoken/ros2_ws/install/crane_x7_moveit_config/share/crane_x7_moveit_config/package.xml
[0.044s] Invoked command in '/home/chujoken/ros2_ws/build/crane_x7_moveit_config' returned '0': CMAKE_PREFIX_PATH=/home/chujoken/ros2_ws/install/crane_x7_description:/home/chujoken/ros2_ws/install/crane_x7:/home/chujoken/ros2_ws/install/crane_x7_examples:/home/chujoken/ros2_ws/install/crane_x7_moveit_config:/home/chujoken/ros2_ws/install/crane_x7_gazebo:/home/chujoken/ros2_ws/install/crane_x7_control:/opt/ros/jazzy/opt/gz_sim_vendor:/opt/ros/jazzy/opt/gz_sensors_vendor:/opt/ros/jazzy/opt/gz_physics_vendor:/opt/ros/jazzy/opt/sdformat_vendor:/opt/ros/jazzy/opt/gz_gui_vendor:/opt/ros/jazzy/opt/gz_transport_vendor:/opt/ros/jazzy/opt/gz_rendering_vendor:/opt/ros/jazzy/opt/gz_plugin_vendor:/opt/ros/jazzy/opt/gz_fuel_tools_vendor:/opt/ros/jazzy/opt/gz_msgs_vendor:/opt/ros/jazzy/opt/gz_common_vendor:/opt/ros/jazzy/opt/gz_math_vendor:/opt/ros/jazzy/opt/gz_utils_vendor:/opt/ros/jazzy/opt/gz_tools_vendor:/opt/ros/jazzy/opt/gz_ogre_next_vendor:/opt/ros/jazzy/opt/gz_dartsim_vendor:/opt/ros/jazzy/opt/gz_cmake_vendor:/home/chujoken/ros2_ws/install/crane_x7_examples_py:/opt/ros/jazzy DEBUGINFOD_URLS=https://debuginfod.ubuntu.com PYTHONPATH=/home/chujoken/ros2_ws/install/crane_x7_description/lib/python3.12/site-packages:/home/chujoken/ros2_ws_3/build/crane_x7_examples_py:/home/chujoken/ros2_ws/install/crane_x7_examples_py/lib/python3.12/site-packages:/opt/ros/jazzy/lib/python3.12/site-packages /usr/bin/cmake --install /home/chujoken/ros2_ws/build/crane_x7_moveit_config
