[0.009s] Invoking command in '/home/chujoken/ros2_ws/build/crane_x7_examples': CMAKE_PREFIX_PATH=/home/chujoken/ros2_ws/install/crane_x7_moveit_config:/home/chujoken/ros2_ws/install/crane_x7_control:/home/chujoken/ros2_ws/install/crane_x7_description:/home/chujoken/ros2_ws/install/crane_x7:/home/chujoken/ros2_ws/install/crane_x7_examples:/home/chujoken/ros2_ws/install/crane_x7_gazebo:/opt/ros/jazzy/opt/gz_sim_vendor:/opt/ros/jazzy/opt/gz_sensors_vendor:/opt/ros/jazzy/opt/gz_physics_vendor:/opt/ros/jazzy/opt/sdformat_vendor:/opt/ros/jazzy/opt/gz_gui_vendor:/opt/ros/jazzy/opt/gz_transport_vendor:/opt/ros/jazzy/opt/gz_rendering_vendor:/opt/ros/jazzy/opt/gz_plugin_vendor:/opt/ros/jazzy/opt/gz_fuel_tools_vendor:/opt/ros/jazzy/opt/gz_msgs_vendor:/opt/ros/jazzy/opt/gz_common_vendor:/opt/ros/jazzy/opt/gz_math_vendor:/opt/ros/jazzy/opt/gz_utils_vendor:/opt/ros/jazzy/opt/gz_tools_vendor:/opt/ros/jazzy/opt/gz_ogre_next_vendor:/opt/ros/jazzy/opt/gz_dartsim_vendor:/opt/ros/jazzy/opt/gz_cmake_vendor:/home/chujoken/ros2_ws/install/crane_x7_examples_py:/opt/ros/jazzy DEBUGINFOD_URLS=https://debuginfod.ubuntu.com PYTHONPATH=/home/chujoken/ros2_ws/install/crane_x7_description/lib/python3.12/site-packages:/home/chujoken/ros2_ws_3/build/crane_x7_examples_py:/home/chujoken/ros2_ws/install/crane_x7_examples_py/lib/python3.12/site-packages:/opt/ros/jazzy/lib/python3.12/site-packages /usr/bin/cmake --build /home/chujoken/ros2_ws/build/crane_x7_examples -- -j16 -l16
[0.061s] [ 11%] Built target aruco_detection
[0.065s] [ 22%] Built target cartesian_path
[0.067s] [ 38%] Built target gripper_control
[0.067s] [ 44%] Built target joint_values
[0.069s] [ 61%] Built target color_detection
[0.069s] [ 66%] Built target pick_and_place
[0.071s] [ 77%] Built target pose_groupstate
[0.075s] [ 88%] Built target pick_and_place_tf
[0.077s] [100%] Built target point_cloud_detection
[0.226s] Invoked command in '/home/chujoken/ros2_ws/build/crane_x7_examples' returned '0': CMAKE_PREFIX_PATH=/home/chujoken/ros2_ws/install/crane_x7_moveit_config:/home/chujoken/ros2_ws/install/crane_x7_control:/home/chujoken/ros2_ws/install/crane_x7_description:/home/chujoken/ros2_ws/install/crane_x7:/home/chujoken/ros2_ws/install/crane_x7_examples:/home/chujoken/ros2_ws/install/crane_x7_gazebo:/opt/ros/jazzy/opt/gz_sim_vendor:/opt/ros/jazzy/opt/gz_sensors_vendor:/opt/ros/jazzy/opt/gz_physics_vendor:/opt/ros/jazzy/opt/sdformat_vendor:/opt/ros/jazzy/opt/gz_gui_vendor:/opt/ros/jazzy/opt/gz_transport_vendor:/opt/ros/jazzy/opt/gz_rendering_vendor:/opt/ros/jazzy/opt/gz_plugin_vendor:/opt/ros/jazzy/opt/gz_fuel_tools_vendor:/opt/ros/jazzy/opt/gz_msgs_vendor:/opt/ros/jazzy/opt/gz_common_vendor:/opt/ros/jazzy/opt/gz_math_vendor:/opt/ros/jazzy/opt/gz_utils_vendor:/opt/ros/jazzy/opt/gz_tools_vendor:/opt/ros/jazzy/opt/gz_ogre_next_vendor:/opt/ros/jazzy/opt/gz_dartsim_vendor:/opt/ros/jazzy/opt/gz_cmake_vendor:/home/chujoken/ros2_ws/install/crane_x7_examples_py:/opt/ros/jazzy DEBUGINFOD_URLS=https://debuginfod.ubuntu.com PYTHONPATH=/home/chujoken/ros2_ws/install/crane_x7_description/lib/python3.12/site-packages:/home/chujoken/ros2_ws_3/build/crane_x7_examples_py:/home/chujoken/ros2_ws/install/crane_x7_examples_py/lib/python3.12/site-packages:/opt/ros/jazzy/lib/python3.12/site-packages /usr/bin/cmake --build /home/chujoken/ros2_ws/build/crane_x7_examples -- -j16 -l16
[0.227s] Invoking command in '/home/chujoken/ros2_ws/build/crane_x7_examples': CMAKE_PREFIX_PATH=/home/chujoken/ros2_ws/install/crane_x7_moveit_config:/home/chujoken/ros2_ws/install/crane_x7_control:/home/chujoken/ros2_ws/install/crane_x7_description:/home/chujoken/ros2_ws/install/crane_x7:/home/chujoken/ros2_ws/install/crane_x7_examples:/home/chujoken/ros2_ws/install/crane_x7_gazebo:/opt/ros/jazzy/opt/gz_sim_vendor:/opt/ros/jazzy/opt/gz_sensors_vendor:/opt/ros/jazzy/opt/gz_physics_vendor:/opt/ros/jazzy/opt/sdformat_vendor:/opt/ros/jazzy/opt/gz_gui_vendor:/opt/ros/jazzy/opt/gz_transport_vendor:/opt/ros/jazzy/opt/gz_rendering_vendor:/opt/ros/jazzy/opt/gz_plugin_vendor:/opt/ros/jazzy/opt/gz_fuel_tools_vendor:/opt/ros/jazzy/opt/gz_msgs_vendor:/opt/ros/jazzy/opt/gz_common_vendor:/opt/ros/jazzy/opt/gz_math_vendor:/opt/ros/jazzy/opt/gz_utils_vendor:/opt/ros/jazzy/opt/gz_tools_vendor:/opt/ros/jazzy/opt/gz_ogre_next_vendor:/opt/ros/jazzy/opt/gz_dartsim_vendor:/opt/ros/jazzy/opt/gz_cmake_vendor:/home/chujoken/ros2_ws/install/crane_x7_examples_py:/opt/ros/jazzy DEBUGINFOD_URLS=https://debuginfod.ubuntu.com PYTHONPATH=/home/chujoken/ros2_ws/install/crane_x7_description/lib/python3.12/site-packages:/home/chujoken/ros2_ws_3/build/crane_x7_examples_py:/home/chujoken/ros2_ws/install/crane_x7_examples_py/lib/python3.12/site-packages:/opt/ros/jazzy/lib/python3.12/site-packages /usr/bin/cmake --install /home/chujoken/ros2_ws/build/crane_x7_examples
[0.233s] -- Install configuration: ""
[0.233s] -- Up-to-date: /home/chujoken/ros2_ws/install/crane_x7_examples/lib/crane_x7_examples/gripper_control
[0.233s] -- Up-to-date: /home/chujoken/ros2_ws/install/crane_x7_examples/lib/crane_x7_examples/cartesian_path
[0.233s] -- Up-to-date: /home/chujoken/ros2_ws/install/crane_x7_examples/lib/crane_x7_examples/pose_groupstate
[0.233s] -- Up-to-date: /home/chujoken/ros2_ws/install/crane_x7_examples/lib/crane_x7_examples/joint_values
[0.233s] -- Up-to-date: /home/chujoken/ros2_ws/install/crane_x7_examples/lib/crane_x7_examples/pick_and_place
[0.234s] -- Up-to-date: /home/chujoken/ros2_ws/install/crane_x7_examples/lib/crane_x7_examples/pick_and_place_tf
[0.234s] -- Up-to-date: /home/chujoken/ros2_ws/install/crane_x7_examples/lib/crane_x7_examples/aruco_detection
[0.234s] -- Up-to-date: /home/chujoken/ros2_ws/install/crane_x7_examples/lib/crane_x7_examples/color_detection
[0.234s] -- Up-to-date: /home/chujoken/ros2_ws/install/crane_x7_examples/lib/crane_x7_examples/point_cloud_detection
[0.234s] -- Up-to-date: /home/chujoken/ros2_ws/install/crane_x7_examples/share/crane_x7_examples//launch
[0.234s] -- Up-to-date: /home/chujoken/ros2_ws/install/crane_x7_examples/share/crane_x7_examples//launch/example.launch.py
[0.234s] -- Up-to-date: /home/chujoken/ros2_ws/install/crane_x7_examples/share/crane_x7_examples//launch/demo.launch.py
[0.234s] -- Up-to-date: /home/chujoken/ros2_ws/install/crane_x7_examples/share/crane_x7_examples//launch/camera_example.launch.py
[0.235s] -- Up-to-date: /home/chujoken/ros2_ws/install/crane_x7_examples/share/crane_x7_examples//launch/camera_example.rviz
[0.235s] -- Up-to-date: /home/chujoken/ros2_ws/install/crane_x7_examples/share/ament_index/resource_index/package_run_dependencies/crane_x7_examples
[0.235s] -- Up-to-date: /home/chujoken/ros2_ws/install/crane_x7_examples/share/ament_index/resource_index/parent_prefix_path/crane_x7_examples
[0.235s] -- Up-to-date: /home/chujoken/ros2_ws/install/crane_x7_examples/share/crane_x7_examples/environment/ament_prefix_path.sh
[0.235s] -- Up-to-date: /home/chujoken/ros2_ws/install/crane_x7_examples/share/crane_x7_examples/environment/ament_prefix_path.dsv
[0.235s] -- Up-to-date: /home/chujoken/ros2_ws/install/crane_x7_examples/share/crane_x7_examples/environment/path.sh
[0.235s] -- Up-to-date: /home/chujoken/ros2_ws/install/crane_x7_examples/share/crane_x7_examples/environment/path.dsv
[0.235s] -- Up-to-date: /home/chujoken/ros2_ws/install/crane_x7_examples/share/crane_x7_examples/local_setup.bash
[0.235s] -- Up-to-date: /home/chujoken/ros2_ws/install/crane_x7_examples/share/crane_x7_examples/local_setup.sh
[0.235s] -- Up-to-date: /home/chujoken/ros2_ws/install/crane_x7_examples/share/crane_x7_examples/local_setup.zsh
[0.235s] -- Up-to-date: /home/chujoken/ros2_ws/install/crane_x7_examples/share/crane_x7_examples/local_setup.dsv
[0.235s] -- Installing: /home/chujoken/ros2_ws/install/crane_x7_examples/share/crane_x7_examples/package.dsv
[0.235s] -- Up-to-date: /home/chujoken/ros2_ws/install/crane_x7_examples/share/ament_index/resource_index/packages/crane_x7_examples
[0.235s] -- Up-to-date: /home/chujoken/ros2_ws/install/crane_x7_examples/share/crane_x7_examples/cmake/crane_x7_examplesConfig.cmake
[0.235s] -- Up-to-date: /home/chujoken/ros2_ws/install/crane_x7_examples/share/crane_x7_examples/cmake/crane_x7_examplesConfig-version.cmake
[0.235s] -- Up-to-date: /home/chujoken/ros2_ws/install/crane_x7_examples/share/crane_x7_examples/package.xml
[0.236s] Invoked command in '/home/chujoken/ros2_ws/build/crane_x7_examples' returned '0': CMAKE_PREFIX_PATH=/home/chujoken/ros2_ws/install/crane_x7_moveit_config:/home/chujoken/ros2_ws/install/crane_x7_control:/home/chujoken/ros2_ws/install/crane_x7_description:/home/chujoken/ros2_ws/install/crane_x7:/home/chujoken/ros2_ws/install/crane_x7_examples:/home/chujoken/ros2_ws/install/crane_x7_gazebo:/opt/ros/jazzy/opt/gz_sim_vendor:/opt/ros/jazzy/opt/gz_sensors_vendor:/opt/ros/jazzy/opt/gz_physics_vendor:/opt/ros/jazzy/opt/sdformat_vendor:/opt/ros/jazzy/opt/gz_gui_vendor:/opt/ros/jazzy/opt/gz_transport_vendor:/opt/ros/jazzy/opt/gz_rendering_vendor:/opt/ros/jazzy/opt/gz_plugin_vendor:/opt/ros/jazzy/opt/gz_fuel_tools_vendor:/opt/ros/jazzy/opt/gz_msgs_vendor:/opt/ros/jazzy/opt/gz_common_vendor:/opt/ros/jazzy/opt/gz_math_vendor:/opt/ros/jazzy/opt/gz_utils_vendor:/opt/ros/jazzy/opt/gz_tools_vendor:/opt/ros/jazzy/opt/gz_ogre_next_vendor:/opt/ros/jazzy/opt/gz_dartsim_vendor:/opt/ros/jazzy/opt/gz_cmake_vendor:/home/chujoken/ros2_ws/install/crane_x7_examples_py:/opt/ros/jazzy DEBUGINFOD_URLS=https://debuginfod.ubuntu.com PYTHONPATH=/home/chujoken/ros2_ws/install/crane_x7_description/lib/python3.12/site-packages:/home/chujoken/ros2_ws_3/build/crane_x7_examples_py:/home/chujoken/ros2_ws/install/crane_x7_examples_py/lib/python3.12/site-packages:/opt/ros/jazzy/lib/python3.12/site-packages /usr/bin/cmake --install /home/chujoken/ros2_ws/build/crane_x7_examples
