[0.009s] Invoking command in '/home/chujoken/ros2_ws/build/crane_x7_control': CMAKE_PREFIX_PATH=/home/chujoken/ros2_ws/install/crane_x7_description:/home/chujoken/ros2_ws/install/crane_x7:/home/chujoken/ros2_ws/install/crane_x7_examples:/home/chujoken/ros2_ws/install/crane_x7_moveit_config:/home/chujoken/ros2_ws/install/crane_x7_gazebo:/home/chujoken/ros2_ws/install/crane_x7_control:/opt/ros/jazzy/opt/gz_sim_vendor:/opt/ros/jazzy/opt/gz_sensors_vendor:/opt/ros/jazzy/opt/gz_physics_vendor:/opt/ros/jazzy/opt/sdformat_vendor:/opt/ros/jazzy/opt/gz_gui_vendor:/opt/ros/jazzy/opt/gz_transport_vendor:/opt/ros/jazzy/opt/gz_rendering_vendor:/opt/ros/jazzy/opt/gz_plugin_vendor:/opt/ros/jazzy/opt/gz_fuel_tools_vendor:/opt/ros/jazzy/opt/gz_msgs_vendor:/opt/ros/jazzy/opt/gz_common_vendor:/opt/ros/jazzy/opt/gz_math_vendor:/opt/ros/jazzy/opt/gz_utils_vendor:/opt/ros/jazzy/opt/gz_tools_vendor:/opt/ros/jazzy/opt/gz_ogre_next_vendor:/opt/ros/jazzy/opt/gz_dartsim_vendor:/opt/ros/jazzy/opt/gz_cmake_vendor:/home/chujoken/ros2_ws/install/crane_x7_examples_py:/opt/ros/jazzy DEBUGINFOD_URLS=https://debuginfod.ubuntu.com PYTHONPATH=/home/chujoken/ros2_ws/install/crane_x7_description/lib/python3.12/site-packages:/home/chujoken/ros2_ws_3/build/crane_x7_examples_py:/home/chujoken/ros2_ws/install/crane_x7_examples_py/lib/python3.12/site-packages:/opt/ros/jazzy/lib/python3.12/site-packages /usr/bin/cmake --build /home/chujoken/ros2_ws/build/crane_x7_control -- -j16 -l16
[0.054s] [100%] Built target crane_x7_hardware
[0.061s] Invoked command in '/home/chujoken/ros2_ws/build/crane_x7_control' returned '0': CMAKE_PREFIX_PATH=/home/chujoken/ros2_ws/install/crane_x7_description:/home/chujoken/ros2_ws/install/crane_x7:/home/chujoken/ros2_ws/install/crane_x7_examples:/home/chujoken/ros2_ws/install/crane_x7_moveit_config:/home/chujoken/ros2_ws/install/crane_x7_gazebo:/home/chujoken/ros2_ws/install/crane_x7_control:/opt/ros/jazzy/opt/gz_sim_vendor:/opt/ros/jazzy/opt/gz_sensors_vendor:/opt/ros/jazzy/opt/gz_physics_vendor:/opt/ros/jazzy/opt/sdformat_vendor:/opt/ros/jazzy/opt/gz_gui_vendor:/opt/ros/jazzy/opt/gz_transport_vendor:/opt/ros/jazzy/opt/gz_rendering_vendor:/opt/ros/jazzy/opt/gz_plugin_vendor:/opt/ros/jazzy/opt/gz_fuel_tools_vendor:/opt/ros/jazzy/opt/gz_msgs_vendor:/opt/ros/jazzy/opt/gz_common_vendor:/opt/ros/jazzy/opt/gz_math_vendor:/opt/ros/jazzy/opt/gz_utils_vendor:/opt/ros/jazzy/opt/gz_tools_vendor:/opt/ros/jazzy/opt/gz_ogre_next_vendor:/opt/ros/jazzy/opt/gz_dartsim_vendor:/opt/ros/jazzy/opt/gz_cmake_vendor:/home/chujoken/ros2_ws/install/crane_x7_examples_py:/opt/ros/jazzy DEBUGINFOD_URLS=https://debuginfod.ubuntu.com PYTHONPATH=/home/chujoken/ros2_ws/install/crane_x7_description/lib/python3.12/site-packages:/home/chujoken/ros2_ws_3/build/crane_x7_examples_py:/home/chujoken/ros2_ws/install/crane_x7_examples_py/lib/python3.12/site-packages:/opt/ros/jazzy/lib/python3.12/site-packages /usr/bin/cmake --build /home/chujoken/ros2_ws/build/crane_x7_control -- -j16 -l16
[0.063s] Invoking command in '/home/chujoken/ros2_ws/build/crane_x7_control': CMAKE_PREFIX_PATH=/home/chujoken/ros2_ws/install/crane_x7_description:/home/chujoken/ros2_ws/install/crane_x7:/home/chujoken/ros2_ws/install/crane_x7_examples:/home/chujoken/ros2_ws/install/crane_x7_moveit_config:/home/chujoken/ros2_ws/install/crane_x7_gazebo:/home/chujoken/ros2_ws/install/crane_x7_control:/opt/ros/jazzy/opt/gz_sim_vendor:/opt/ros/jazzy/opt/gz_sensors_vendor:/opt/ros/jazzy/opt/gz_physics_vendor:/opt/ros/jazzy/opt/sdformat_vendor:/opt/ros/jazzy/opt/gz_gui_vendor:/opt/ros/jazzy/opt/gz_transport_vendor:/opt/ros/jazzy/opt/gz_rendering_vendor:/opt/ros/jazzy/opt/gz_plugin_vendor:/opt/ros/jazzy/opt/gz_fuel_tools_vendor:/opt/ros/jazzy/opt/gz_msgs_vendor:/opt/ros/jazzy/opt/gz_common_vendor:/opt/ros/jazzy/opt/gz_math_vendor:/opt/ros/jazzy/opt/gz_utils_vendor:/opt/ros/jazzy/opt/gz_tools_vendor:/opt/ros/jazzy/opt/gz_ogre_next_vendor:/opt/ros/jazzy/opt/gz_dartsim_vendor:/opt/ros/jazzy/opt/gz_cmake_vendor:/home/chujoken/ros2_ws/install/crane_x7_examples_py:/opt/ros/jazzy DEBUGINFOD_URLS=https://debuginfod.ubuntu.com PYTHONPATH=/home/chujoken/ros2_ws/install/crane_x7_description/lib/python3.12/site-packages:/home/chujoken/ros2_ws_3/build/crane_x7_examples_py:/home/chujoken/ros2_ws/install/crane_x7_examples_py/lib/python3.12/site-packages:/opt/ros/jazzy/lib/python3.12/site-packages /usr/bin/cmake --install /home/chujoken/ros2_ws/build/crane_x7_control
[0.068s] -- Install configuration: ""
[0.068s] -- Up-to-date: /home/chujoken/ros2_ws/install/crane_x7_control/share/crane_x7_control/crane_x7_hardware.xml
[0.068s] -- Up-to-date: /home/chujoken/ros2_ws/install/crane_x7_control/lib/libcrane_x7_hardware.so
[0.068s] -- Up-to-date: /home/chujoken/ros2_ws/install/crane_x7_control/include
[0.068s] -- Up-to-date: /home/chujoken/ros2_ws/install/crane_x7_control/include/crane_x7_control
[0.068s] -- Up-to-date: /home/chujoken/ros2_ws/install/crane_x7_control/include/crane_x7_control/visibility_control.h
[0.069s] -- Up-to-date: /home/chujoken/ros2_ws/install/crane_x7_control/include/crane_x7_control/crane_x7_hardware.hpp
[0.069s] -- Up-to-date: /home/chujoken/ros2_ws/install/crane_x7_control/share/crane_x7_control//launch
[0.069s] -- Up-to-date: /home/chujoken/ros2_ws/install/crane_x7_control/share/crane_x7_control//launch/crane_x7_control.launch.py
[0.069s] -- Up-to-date: /home/chujoken/ros2_ws/install/crane_x7_control/share/crane_x7_control//config
[0.069s] -- Up-to-date: /home/chujoken/ros2_ws/install/crane_x7_control/share/crane_x7_control//config/crane_x7_controllers.yaml
[0.069s] -- Up-to-date: /home/chujoken/ros2_ws/install/crane_x7_control/share/crane_x7_control//config/manipulator_config.yaml
[0.069s] -- Up-to-date: /home/chujoken/ros2_ws/install/crane_x7_control/share/crane_x7_control//config/manipulator_links.csv
[0.069s] -- Up-to-date: /home/chujoken/ros2_ws/install/crane_x7_control/share/crane_x7_control/environment/library_path.sh
[0.069s] -- Up-to-date: /home/chujoken/ros2_ws/install/crane_x7_control/share/crane_x7_control/environment/library_path.dsv
[0.069s] -- Up-to-date: /home/chujoken/ros2_ws/install/crane_x7_control/share/ament_index/resource_index/package_run_dependencies/crane_x7_control
[0.069s] -- Up-to-date: /home/chujoken/ros2_ws/install/crane_x7_control/share/ament_index/resource_index/parent_prefix_path/crane_x7_control
[0.069s] -- Up-to-date: /home/chujoken/ros2_ws/install/crane_x7_control/share/crane_x7_control/environment/ament_prefix_path.sh
[0.069s] -- Up-to-date: /home/chujoken/ros2_ws/install/crane_x7_control/share/crane_x7_control/environment/ament_prefix_path.dsv
[0.069s] -- Up-to-date: /home/chujoken/ros2_ws/install/crane_x7_control/share/crane_x7_control/environment/path.sh
[0.069s] -- Up-to-date: /home/chujoken/ros2_ws/install/crane_x7_control/share/crane_x7_control/environment/path.dsv
[0.069s] -- Up-to-date: /home/chujoken/ros2_ws/install/crane_x7_control/share/crane_x7_control/local_setup.bash
[0.070s] -- Up-to-date: /home/chujoken/ros2_ws/install/crane_x7_control/share/crane_x7_control/local_setup.sh
[0.070s] -- Up-to-date: /home/chujoken/ros2_ws/install/crane_x7_control/share/crane_x7_control/local_setup.zsh
[0.070s] -- Up-to-date: /home/chujoken/ros2_ws/install/crane_x7_control/share/crane_x7_control/local_setup.dsv
[0.070s] -- Installing: /home/chujoken/ros2_ws/install/crane_x7_control/share/crane_x7_control/package.dsv
[0.070s] -- Up-to-date: /home/chujoken/ros2_ws/install/crane_x7_control/share/ament_index/resource_index/packages/crane_x7_control
[0.070s] -- Up-to-date: /home/chujoken/ros2_ws/install/crane_x7_control/share/ament_index/resource_index/hardware_interface__pluginlib__plugin/crane_x7_control
[0.070s] -- Up-to-date: /home/chujoken/ros2_ws/install/crane_x7_control/share/crane_x7_control/cmake/ament_cmake_export_include_directories-extras.cmake
[0.070s] -- Up-to-date: /home/chujoken/ros2_ws/install/crane_x7_control/share/crane_x7_control/cmake/ament_cmake_export_libraries-extras.cmake
[0.070s] -- Up-to-date: /home/chujoken/ros2_ws/install/crane_x7_control/share/crane_x7_control/cmake/ament_cmake_export_dependencies-extras.cmake
[0.070s] -- Up-to-date: /home/chujoken/ros2_ws/install/crane_x7_control/share/crane_x7_control/cmake/crane_x7_controlConfig.cmake
[0.070s] -- Up-to-date: /home/chujoken/ros2_ws/install/crane_x7_control/share/crane_x7_control/cmake/crane_x7_controlConfig-version.cmake
[0.070s] -- Up-to-date: /home/chujoken/ros2_ws/install/crane_x7_control/share/crane_x7_control/package.xml
[0.071s] Invoked command in '/home/chujoken/ros2_ws/build/crane_x7_control' returned '0': CMAKE_PREFIX_PATH=/home/chujoken/ros2_ws/install/crane_x7_description:/home/chujoken/ros2_ws/install/crane_x7:/home/chujoken/ros2_ws/install/crane_x7_examples:/home/chujoken/ros2_ws/install/crane_x7_moveit_config:/home/chujoken/ros2_ws/install/crane_x7_gazebo:/home/chujoken/ros2_ws/install/crane_x7_control:/opt/ros/jazzy/opt/gz_sim_vendor:/opt/ros/jazzy/opt/gz_sensors_vendor:/opt/ros/jazzy/opt/gz_physics_vendor:/opt/ros/jazzy/opt/sdformat_vendor:/opt/ros/jazzy/opt/gz_gui_vendor:/opt/ros/jazzy/opt/gz_transport_vendor:/opt/ros/jazzy/opt/gz_rendering_vendor:/opt/ros/jazzy/opt/gz_plugin_vendor:/opt/ros/jazzy/opt/gz_fuel_tools_vendor:/opt/ros/jazzy/opt/gz_msgs_vendor:/opt/ros/jazzy/opt/gz_common_vendor:/opt/ros/jazzy/opt/gz_math_vendor:/opt/ros/jazzy/opt/gz_utils_vendor:/opt/ros/jazzy/opt/gz_tools_vendor:/opt/ros/jazzy/opt/gz_ogre_next_vendor:/opt/ros/jazzy/opt/gz_dartsim_vendor:/opt/ros/jazzy/opt/gz_cmake_vendor:/home/chujoken/ros2_ws/install/crane_x7_examples_py:/opt/ros/jazzy DEBUGINFOD_URLS=https://debuginfod.ubuntu.com PYTHONPATH=/home/chujoken/ros2_ws/install/crane_x7_description/lib/python3.12/site-packages:/home/chujoken/ros2_ws_3/build/crane_x7_examples_py:/home/chujoken/ros2_ws/install/crane_x7_examples_py/lib/python3.12/site-packages:/opt/ros/jazzy/lib/python3.12/site-packages /usr/bin/cmake --install /home/chujoken/ros2_ws/build/crane_x7_control
