[ 11%] Built target aruco_detection
[ 22%] Built target cartesian_path
[ 38%] Built target gripper_control
[ 44%] Built target joint_values
[ 61%] Built target color_detection
[ 66%] Built target pick_and_place
[ 77%] Built target pose_groupstate
[ 88%] Built target pick_and_place_tf
[100%] Built target point_cloud_detection
-- Install configuration: ""
-- Up-to-date: /home/chujoken/ros2_ws/install/crane_x7_examples/lib/crane_x7_examples/gripper_control
-- Up-to-date: /home/chujoken/ros2_ws/install/crane_x7_examples/lib/crane_x7_examples/cartesian_path
-- Up-to-date: /home/chujoken/ros2_ws/install/crane_x7_examples/lib/crane_x7_examples/pose_groupstate
-- Up-to-date: /home/chujoken/ros2_ws/install/crane_x7_examples/lib/crane_x7_examples/joint_values
-- Up-to-date: /home/chujoken/ros2_ws/install/crane_x7_examples/lib/crane_x7_examples/pick_and_place
-- Up-to-date: /home/chujoken/ros2_ws/install/crane_x7_examples/lib/crane_x7_examples/pick_and_place_tf
-- Up-to-date: /home/chujoken/ros2_ws/install/crane_x7_examples/lib/crane_x7_examples/aruco_detection
-- Up-to-date: /home/chujoken/ros2_ws/install/crane_x7_examples/lib/crane_x7_examples/color_detection
-- Up-to-date: /home/chujoken/ros2_ws/install/crane_x7_examples/lib/crane_x7_examples/point_cloud_detection
-- Up-to-date: /home/chujoken/ros2_ws/install/crane_x7_examples/share/crane_x7_examples//launch
-- Up-to-date: /home/chujoken/ros2_ws/install/crane_x7_examples/share/crane_x7_examples//launch/example.launch.py
-- Up-to-date: /home/chujoken/ros2_ws/install/crane_x7_examples/share/crane_x7_examples//launch/demo.launch.py
-- Up-to-date: /home/chujoken/ros2_ws/install/crane_x7_examples/share/crane_x7_examples//launch/camera_example.launch.py
-- Up-to-date: /home/chujoken/ros2_ws/install/crane_x7_examples/share/crane_x7_examples//launch/camera_example.rviz
-- Up-to-date: /home/chujoken/ros2_ws/install/crane_x7_examples/share/ament_index/resource_index/package_run_dependencies/crane_x7_examples
-- Up-to-date: /home/chujoken/ros2_ws/install/crane_x7_examples/share/ament_index/resource_index/parent_prefix_path/crane_x7_examples
-- Up-to-date: /home/chujoken/ros2_ws/install/crane_x7_examples/share/crane_x7_examples/environment/ament_prefix_path.sh
-- Up-to-date: /home/chujoken/ros2_ws/install/crane_x7_examples/share/crane_x7_examples/environment/ament_prefix_path.dsv
-- Up-to-date: /home/chujoken/ros2_ws/install/crane_x7_examples/share/crane_x7_examples/environment/path.sh
-- Up-to-date: /home/chujoken/ros2_ws/install/crane_x7_examples/share/crane_x7_examples/environment/path.dsv
-- Up-to-date: /home/chujoken/ros2_ws/install/crane_x7_examples/share/crane_x7_examples/local_setup.bash
-- Up-to-date: /home/chujoken/ros2_ws/install/crane_x7_examples/share/crane_x7_examples/local_setup.sh
-- Up-to-date: /home/chujoken/ros2_ws/install/crane_x7_examples/share/crane_x7_examples/local_setup.zsh
-- Up-to-date: /home/chujoken/ros2_ws/install/crane_x7_examples/share/crane_x7_examples/local_setup.dsv
-- Installing: /home/chujoken/ros2_ws/install/crane_x7_examples/share/crane_x7_examples/package.dsv
-- Up-to-date: /home/chujoken/ros2_ws/install/crane_x7_examples/share/ament_index/resource_index/packages/crane_x7_examples
-- Up-to-date: /home/chujoken/ros2_ws/install/crane_x7_examples/share/crane_x7_examples/cmake/crane_x7_examplesConfig.cmake
-- Up-to-date: /home/chujoken/ros2_ws/install/crane_x7_examples/share/crane_x7_examples/cmake/crane_x7_examplesConfig-version.cmake
-- Up-to-date: /home/chujoken/ros2_ws/install/crane_x7_examples/share/crane_x7_examples/package.xml
