[0.005s] Invoking command in '/home/chujoken/ros2_ws/build/crane_x7_moveit_config': CMAKE_PREFIX_PATH=/home/chujoken/ros2_ws/install/crane_x7_description:/home/chujoken/ros2_ws/install/crane_x7:/home/chujoken/ros2_ws/install/crane_x7_examples:/home/chujoken/ros2_ws/install/crane_x7_moveit_config:/home/chujoken/ros2_ws/install/crane_x7_gazebo:/home/chujoken/ros2_ws/install/crane_x7_control:/opt/ros/jazzy/opt/gz_sim_vendor:/opt/ros/jazzy/opt/gz_sensors_vendor:/opt/ros/jazzy/opt/gz_physics_vendor:/opt/ros/jazzy/opt/sdformat_vendor:/opt/ros/jazzy/opt/gz_gui_vendor:/opt/ros/jazzy/opt/gz_transport_vendor:/opt/ros/jazzy/opt/gz_rendering_vendor:/opt/ros/jazzy/opt/gz_plugin_vendor:/opt/ros/jazzy/opt/gz_fuel_tools_vendor:/opt/ros/jazzy/opt/gz_msgs_vendor:/opt/ros/jazzy/opt/gz_common_vendor:/opt/ros/jazzy/opt/gz_math_vendor:/opt/ros/jazzy/opt/gz_utils_vendor:/opt/ros/jazzy/opt/gz_tools_vendor:/opt/ros/jazzy/opt/gz_ogre_next_vendor:/opt/ros/jazzy/opt/gz_dartsim_vendor:/opt/ros/jazzy/opt/gz_cmake_vendor:/home/chujoken/ros2_ws/install/crane_x7_examples_py:/opt/ros/jazzy DEBUGINFOD_URLS=https://debuginfod.ubuntu.com PYTHONPATH=/home/chujoken/ros2_ws/install/crane_x7_description/lib/python3.12/site-packages:/home/chujoken/ros2_ws_3/build/crane_x7_examples_py:/home/chujoken/ros2_ws/install/crane_x7_examples_py/lib/python3.12/site-packages:/opt/ros/jazzy/lib/python3.12/site-packages /usr/bin/cmake /home/chujoken/ros2_ws/src/crane_x7_ros/crane_x7_moveit_config -DCMAKE_INSTALL_PREFIX=/home/chujoken/ros2_ws/install/crane_x7_moveit_config
[0.042s] -- The C compiler identification is GNU 13.3.0
[0.081s] -- The CXX compiler identification is GNU 13.3.0
[0.092s] -- Detecting C compiler ABI info
[0.150s] -- Detecting C compiler ABI info - done
[0.158s] -- Check for working C compiler: /usr/bin/cc - skipped
[0.158s] -- Detecting C compile features
[0.158s] -- Detecting C compile features - done
[0.164s] -- Detecting CXX compiler ABI info
[0.231s] -- Detecting CXX compiler ABI info - done
[0.239s] -- Check for working CXX compiler: /usr/bin/c++ - skipped
[0.239s] -- Detecting CXX compile features
[0.239s] -- Detecting CXX compile features - done
[0.242s] -- Found ament_cmake: 2.5.6 (/opt/ros/jazzy/share/ament_cmake/cmake)
[0.358s] -- Found Python3: /usr/bin/python3 (found version "3.12.3") found components: Interpreter 
[0.451s] -- Found ament_lint_auto: 0.17.5 (/opt/ros/jazzy/share/ament_lint_auto/cmake)
[0.517s] -- Configuring done (0.5s)
[0.519s] -- Generating done (0.0s)
[0.521s] -- Build files have been written to: /home/chujoken/ros2_ws/build/crane_x7_moveit_config
[0.524s] Invoked command in '/home/chujoken/ros2_ws/build/crane_x7_moveit_config' returned '0': CMAKE_PREFIX_PATH=/home/chujoken/ros2_ws/install/crane_x7_description:/home/chujoken/ros2_ws/install/crane_x7:/home/chujoken/ros2_ws/install/crane_x7_examples:/home/chujoken/ros2_ws/install/crane_x7_moveit_config:/home/chujoken/ros2_ws/install/crane_x7_gazebo:/home/chujoken/ros2_ws/install/crane_x7_control:/opt/ros/jazzy/opt/gz_sim_vendor:/opt/ros/jazzy/opt/gz_sensors_vendor:/opt/ros/jazzy/opt/gz_physics_vendor:/opt/ros/jazzy/opt/sdformat_vendor:/opt/ros/jazzy/opt/gz_gui_vendor:/opt/ros/jazzy/opt/gz_transport_vendor:/opt/ros/jazzy/opt/gz_rendering_vendor:/opt/ros/jazzy/opt/gz_plugin_vendor:/opt/ros/jazzy/opt/gz_fuel_tools_vendor:/opt/ros/jazzy/opt/gz_msgs_vendor:/opt/ros/jazzy/opt/gz_common_vendor:/opt/ros/jazzy/opt/gz_math_vendor:/opt/ros/jazzy/opt/gz_utils_vendor:/opt/ros/jazzy/opt/gz_tools_vendor:/opt/ros/jazzy/opt/gz_ogre_next_vendor:/opt/ros/jazzy/opt/gz_dartsim_vendor:/opt/ros/jazzy/opt/gz_cmake_vendor:/home/chujoken/ros2_ws/install/crane_x7_examples_py:/opt/ros/jazzy DEBUGINFOD_URLS=https://debuginfod.ubuntu.com PYTHONPATH=/home/chujoken/ros2_ws/install/crane_x7_description/lib/python3.12/site-packages:/home/chujoken/ros2_ws_3/build/crane_x7_examples_py:/home/chujoken/ros2_ws/install/crane_x7_examples_py/lib/python3.12/site-packages:/opt/ros/jazzy/lib/python3.12/site-packages /usr/bin/cmake /home/chujoken/ros2_ws/src/crane_x7_ros/crane_x7_moveit_config -DCMAKE_INSTALL_PREFIX=/home/chujoken/ros2_ws/install/crane_x7_moveit_config
[0.525s] Invoking command in '/home/chujoken/ros2_ws/build/crane_x7_moveit_config': CMAKE_PREFIX_PATH=/home/chujoken/ros2_ws/install/crane_x7_description:/home/chujoken/ros2_ws/install/crane_x7:/home/chujoken/ros2_ws/install/crane_x7_examples:/home/chujoken/ros2_ws/install/crane_x7_moveit_config:/home/chujoken/ros2_ws/install/crane_x7_gazebo:/home/chujoken/ros2_ws/install/crane_x7_control:/opt/ros/jazzy/opt/gz_sim_vendor:/opt/ros/jazzy/opt/gz_sensors_vendor:/opt/ros/jazzy/opt/gz_physics_vendor:/opt/ros/jazzy/opt/sdformat_vendor:/opt/ros/jazzy/opt/gz_gui_vendor:/opt/ros/jazzy/opt/gz_transport_vendor:/opt/ros/jazzy/opt/gz_rendering_vendor:/opt/ros/jazzy/opt/gz_plugin_vendor:/opt/ros/jazzy/opt/gz_fuel_tools_vendor:/opt/ros/jazzy/opt/gz_msgs_vendor:/opt/ros/jazzy/opt/gz_common_vendor:/opt/ros/jazzy/opt/gz_math_vendor:/opt/ros/jazzy/opt/gz_utils_vendor:/opt/ros/jazzy/opt/gz_tools_vendor:/opt/ros/jazzy/opt/gz_ogre_next_vendor:/opt/ros/jazzy/opt/gz_dartsim_vendor:/opt/ros/jazzy/opt/gz_cmake_vendor:/home/chujoken/ros2_ws/install/crane_x7_examples_py:/opt/ros/jazzy DEBUGINFOD_URLS=https://debuginfod.ubuntu.com PYTHONPATH=/home/chujoken/ros2_ws/install/crane_x7_description/lib/python3.12/site-packages:/home/chujoken/ros2_ws_3/build/crane_x7_examples_py:/home/chujoken/ros2_ws/install/crane_x7_examples_py/lib/python3.12/site-packages:/opt/ros/jazzy/lib/python3.12/site-packages /usr/bin/cmake --build /home/chujoken/ros2_ws/build/crane_x7_moveit_config -- -j16 -l16
[0.551s] Invoked command in '/home/chujoken/ros2_ws/build/crane_x7_moveit_config' returned '0': CMAKE_PREFIX_PATH=/home/chujoken/ros2_ws/install/crane_x7_description:/home/chujoken/ros2_ws/install/crane_x7:/home/chujoken/ros2_ws/install/crane_x7_examples:/home/chujoken/ros2_ws/install/crane_x7_moveit_config:/home/chujoken/ros2_ws/install/crane_x7_gazebo:/home/chujoken/ros2_ws/install/crane_x7_control:/opt/ros/jazzy/opt/gz_sim_vendor:/opt/ros/jazzy/opt/gz_sensors_vendor:/opt/ros/jazzy/opt/gz_physics_vendor:/opt/ros/jazzy/opt/sdformat_vendor:/opt/ros/jazzy/opt/gz_gui_vendor:/opt/ros/jazzy/opt/gz_transport_vendor:/opt/ros/jazzy/opt/gz_rendering_vendor:/opt/ros/jazzy/opt/gz_plugin_vendor:/opt/ros/jazzy/opt/gz_fuel_tools_vendor:/opt/ros/jazzy/opt/gz_msgs_vendor:/opt/ros/jazzy/opt/gz_common_vendor:/opt/ros/jazzy/opt/gz_math_vendor:/opt/ros/jazzy/opt/gz_utils_vendor:/opt/ros/jazzy/opt/gz_tools_vendor:/opt/ros/jazzy/opt/gz_ogre_next_vendor:/opt/ros/jazzy/opt/gz_dartsim_vendor:/opt/ros/jazzy/opt/gz_cmake_vendor:/home/chujoken/ros2_ws/install/crane_x7_examples_py:/opt/ros/jazzy DEBUGINFOD_URLS=https://debuginfod.ubuntu.com PYTHONPATH=/home/chujoken/ros2_ws/install/crane_x7_description/lib/python3.12/site-packages:/home/chujoken/ros2_ws_3/build/crane_x7_examples_py:/home/chujoken/ros2_ws/install/crane_x7_examples_py/lib/python3.12/site-packages:/opt/ros/jazzy/lib/python3.12/site-packages /usr/bin/cmake --build /home/chujoken/ros2_ws/build/crane_x7_moveit_config -- -j16 -l16
[0.552s] Invoking command in '/home/chujoken/ros2_ws/build/crane_x7_moveit_config': CMAKE_PREFIX_PATH=/home/chujoken/ros2_ws/install/crane_x7_description:/home/chujoken/ros2_ws/install/crane_x7:/home/chujoken/ros2_ws/install/crane_x7_examples:/home/chujoken/ros2_ws/install/crane_x7_moveit_config:/home/chujoken/ros2_ws/install/crane_x7_gazebo:/home/chujoken/ros2_ws/install/crane_x7_control:/opt/ros/jazzy/opt/gz_sim_vendor:/opt/ros/jazzy/opt/gz_sensors_vendor:/opt/ros/jazzy/opt/gz_physics_vendor:/opt/ros/jazzy/opt/sdformat_vendor:/opt/ros/jazzy/opt/gz_gui_vendor:/opt/ros/jazzy/opt/gz_transport_vendor:/opt/ros/jazzy/opt/gz_rendering_vendor:/opt/ros/jazzy/opt/gz_plugin_vendor:/opt/ros/jazzy/opt/gz_fuel_tools_vendor:/opt/ros/jazzy/opt/gz_msgs_vendor:/opt/ros/jazzy/opt/gz_common_vendor:/opt/ros/jazzy/opt/gz_math_vendor:/opt/ros/jazzy/opt/gz_utils_vendor:/opt/ros/jazzy/opt/gz_tools_vendor:/opt/ros/jazzy/opt/gz_ogre_next_vendor:/opt/ros/jazzy/opt/gz_dartsim_vendor:/opt/ros/jazzy/opt/gz_cmake_vendor:/home/chujoken/ros2_ws/install/crane_x7_examples_py:/opt/ros/jazzy DEBUGINFOD_URLS=https://debuginfod.ubuntu.com PYTHONPATH=/home/chujoken/ros2_ws/install/crane_x7_description/lib/python3.12/site-packages:/home/chujoken/ros2_ws_3/build/crane_x7_examples_py:/home/chujoken/ros2_ws/install/crane_x7_examples_py/lib/python3.12/site-packages:/opt/ros/jazzy/lib/python3.12/site-packages /usr/bin/cmake --install /home/chujoken/ros2_ws/build/crane_x7_moveit_config
[0.557s] -- Install configuration: ""
[0.557s] -- Installing: /home/chujoken/ros2_ws/install/crane_x7_moveit_config/share/crane_x7_moveit_config/launch
[0.557s] -- Installing: /home/chujoken/ros2_ws/install/crane_x7_moveit_config/share/crane_x7_moveit_config/launch/setup_assistant.launch.py
[0.558s] -- Installing: /home/chujoken/ros2_ws/install/crane_x7_moveit_config/share/crane_x7_moveit_config/launch/run_move_group.launch.py
[0.558s] -- Installing: /home/chujoken/ros2_ws/install/crane_x7_moveit_config/share/crane_x7_moveit_config/config
[0.558s] -- Installing: /home/chujoken/ros2_ws/install/crane_x7_moveit_config/share/crane_x7_moveit_config/config/kinematics.yaml
[0.558s] -- Installing: /home/chujoken/ros2_ws/install/crane_x7_moveit_config/share/crane_x7_moveit_config/config/crane_x7.srdf
[0.558s] -- Installing: /home/chujoken/ros2_ws/install/crane_x7_moveit_config/share/crane_x7_moveit_config/config/joint_limits.yaml
[0.558s] -- Installing: /home/chujoken/ros2_ws/install/crane_x7_moveit_config/share/crane_x7_moveit_config/config/moveit.rviz
[0.558s] -- Installing: /home/chujoken/ros2_ws/install/crane_x7_moveit_config/share/crane_x7_moveit_config/config/moveit_controllers.yaml
[0.558s] -- Installing: /home/chujoken/ros2_ws/install/crane_x7_moveit_config/share/crane_x7_moveit_config/config/pilz_cartesian_limits.yaml
[0.558s] -- Installing: /home/chujoken/ros2_ws/install/crane_x7_moveit_config/share/crane_x7_moveit_config/config/ompl_planning.yaml
[0.558s] -- Installing: /home/chujoken/ros2_ws/install/crane_x7_moveit_config/share/crane_x7_moveit_config/.setup_assistant
[0.558s] -- Installing: /home/chujoken/ros2_ws/install/crane_x7_moveit_config/share/ament_index/resource_index/package_run_dependencies/crane_x7_moveit_config
[0.558s] -- Installing: /home/chujoken/ros2_ws/install/crane_x7_moveit_config/share/ament_index/resource_index/parent_prefix_path/crane_x7_moveit_config
[0.558s] -- Installing: /home/chujoken/ros2_ws/install/crane_x7_moveit_config/share/crane_x7_moveit_config/environment/ament_prefix_path.sh
[0.559s] -- Installing: /home/chujoken/ros2_ws/install/crane_x7_moveit_config/share/crane_x7_moveit_config/environment/ament_prefix_path.dsv
[0.559s] -- Installing: /home/chujoken/ros2_ws/install/crane_x7_moveit_config/share/crane_x7_moveit_config/environment/path.sh
[0.559s] -- Installing: /home/chujoken/ros2_ws/install/crane_x7_moveit_config/share/crane_x7_moveit_config/environment/path.dsv
[0.559s] -- Installing: /home/chujoken/ros2_ws/install/crane_x7_moveit_config/share/crane_x7_moveit_config/local_setup.bash
[0.559s] -- Installing: /home/chujoken/ros2_ws/install/crane_x7_moveit_config/share/crane_x7_moveit_config/local_setup.sh
[0.559s] -- Installing: /home/chujoken/ros2_ws/install/crane_x7_moveit_config/share/crane_x7_moveit_config/local_setup.zsh
[0.559s] -- Installing: /home/chujoken/ros2_ws/install/crane_x7_moveit_config/share/crane_x7_moveit_config/local_setup.dsv
[0.559s] -- Installing: /home/chujoken/ros2_ws/install/crane_x7_moveit_config/share/crane_x7_moveit_config/package.dsv
[0.559s] -- Installing: /home/chujoken/ros2_ws/install/crane_x7_moveit_config/share/ament_index/resource_index/packages/crane_x7_moveit_config
[0.559s] -- Installing: /home/chujoken/ros2_ws/install/crane_x7_moveit_config/share/crane_x7_moveit_config/cmake/crane_x7_moveit_configConfig.cmake
[0.559s] -- Installing: /home/chujoken/ros2_ws/install/crane_x7_moveit_config/share/crane_x7_moveit_config/cmake/crane_x7_moveit_configConfig-version.cmake
[0.559s] -- Installing: /home/chujoken/ros2_ws/install/crane_x7_moveit_config/share/crane_x7_moveit_config/package.xml
[0.560s] Invoked command in '/home/chujoken/ros2_ws/build/crane_x7_moveit_config' returned '0': CMAKE_PREFIX_PATH=/home/chujoken/ros2_ws/install/crane_x7_description:/home/chujoken/ros2_ws/install/crane_x7:/home/chujoken/ros2_ws/install/crane_x7_examples:/home/chujoken/ros2_ws/install/crane_x7_moveit_config:/home/chujoken/ros2_ws/install/crane_x7_gazebo:/home/chujoken/ros2_ws/install/crane_x7_control:/opt/ros/jazzy/opt/gz_sim_vendor:/opt/ros/jazzy/opt/gz_sensors_vendor:/opt/ros/jazzy/opt/gz_physics_vendor:/opt/ros/jazzy/opt/sdformat_vendor:/opt/ros/jazzy/opt/gz_gui_vendor:/opt/ros/jazzy/opt/gz_transport_vendor:/opt/ros/jazzy/opt/gz_rendering_vendor:/opt/ros/jazzy/opt/gz_plugin_vendor:/opt/ros/jazzy/opt/gz_fuel_tools_vendor:/opt/ros/jazzy/opt/gz_msgs_vendor:/opt/ros/jazzy/opt/gz_common_vendor:/opt/ros/jazzy/opt/gz_math_vendor:/opt/ros/jazzy/opt/gz_utils_vendor:/opt/ros/jazzy/opt/gz_tools_vendor:/opt/ros/jazzy/opt/gz_ogre_next_vendor:/opt/ros/jazzy/opt/gz_dartsim_vendor:/opt/ros/jazzy/opt/gz_cmake_vendor:/home/chujoken/ros2_ws/install/crane_x7_examples_py:/opt/ros/jazzy DEBUGINFOD_URLS=https://debuginfod.ubuntu.com PYTHONPATH=/home/chujoken/ros2_ws/install/crane_x7_description/lib/python3.12/site-packages:/home/chujoken/ros2_ws_3/build/crane_x7_examples_py:/home/chujoken/ros2_ws/install/crane_x7_examples_py/lib/python3.12/site-packages:/opt/ros/jazzy/lib/python3.12/site-packages /usr/bin/cmake --install /home/chujoken/ros2_ws/build/crane_x7_moveit_config
