[0.010s] Invoking command in '/home/chujoken/ros2_ws/build/crane_x7_description': CMAKE_PREFIX_PATH=${CMAKE_PREFIX_PATH}:/home/chujoken/ros2_ws/install/crane_x7_examples_py:/opt/ros/jazzy DEBUGINFOD_URLS=https://debuginfod.ubuntu.com /usr/bin/cmake /home/chujoken/ros2_ws/src/crane_x7_description -DCMAKE_INSTALL_PREFIX=/home/chujoken/ros2_ws/install/crane_x7_description
[0.048s] -- The C compiler identification is GNU 13.3.0
[0.088s] -- The CXX compiler identification is GNU 13.3.0
[0.099s] -- Detecting C compiler ABI info
[0.159s] -- Detecting C compiler ABI info - done
[0.167s] -- Check for working C compiler: /usr/bin/cc - skipped
[0.167s] -- Detecting C compile features
[0.167s] -- Detecting C compile features - done
[0.175s] -- Detecting CXX compiler ABI info
[0.245s] -- Detecting CXX compiler ABI info - done
[0.252s] -- Check for working CXX compiler: /usr/bin/c++ - skipped
[0.252s] -- Detecting CXX compile features
[0.253s] -- Detecting CXX compile features - done
[0.256s] -- Found ament_cmake: 2.5.6 (/opt/ros/jazzy/share/ament_cmake/cmake)
[0.371s] -- Found Python3: /usr/bin/python3 (found version "3.12.3") found components: Interpreter 
[0.542s] -- Found ament_lint_auto: 0.17.5 (/opt/ros/jazzy/share/ament_lint_auto/cmake)
[0.927s] -- Added test 'flake8' to check Python code syntax and style conventions
[0.927s] -- Configured 'flake8' exclude dirs and/or files: 
[0.928s] -- Added test 'lint_cmake' to check CMake code style
[0.929s] -- Added test 'pep257' to check Python code against some of the docstring style conventions in PEP 257
[0.932s] -- Added test 'xmllint' to check XML markup files
[0.934s] -- Configuring done (0.9s)
[0.936s] -- Generating done (0.0s)
[0.938s] -- Build files have been written to: /home/chujoken/ros2_ws/build/crane_x7_description
[0.941s] Invoked command in '/home/chujoken/ros2_ws/build/crane_x7_description' returned '0': CMAKE_PREFIX_PATH=${CMAKE_PREFIX_PATH}:/home/chujoken/ros2_ws/install/crane_x7_examples_py:/opt/ros/jazzy DEBUGINFOD_URLS=https://debuginfod.ubuntu.com /usr/bin/cmake /home/chujoken/ros2_ws/src/crane_x7_description -DCMAKE_INSTALL_PREFIX=/home/chujoken/ros2_ws/install/crane_x7_description
[0.942s] Invoking command in '/home/chujoken/ros2_ws/build/crane_x7_description': CMAKE_PREFIX_PATH=${CMAKE_PREFIX_PATH}:/home/chujoken/ros2_ws/install/crane_x7_examples_py:/opt/ros/jazzy DEBUGINFOD_URLS=https://debuginfod.ubuntu.com /usr/bin/cmake --build /home/chujoken/ros2_ws/build/crane_x7_description -- -j16 -l16
[0.981s] Built target ament_cmake_python_copy_crane_x7_description
[1.189s] running egg_info
[1.190s] creating crane_x7_description.egg-info
[1.212s] writing crane_x7_description.egg-info/PKG-INFO
[1.212s] writing dependency_links to crane_x7_description.egg-info/dependency_links.txt
[1.213s] writing top-level names to crane_x7_description.egg-info/top_level.txt
[1.213s] writing manifest file 'crane_x7_description.egg-info/SOURCES.txt'
[1.293s] reading manifest file 'crane_x7_description.egg-info/SOURCES.txt'
[1.293s] writing manifest file 'crane_x7_description.egg-info/SOURCES.txt'
[1.311s] Built target ament_cmake_python_build_crane_x7_description_egg
[1.318s] Invoked command in '/home/chujoken/ros2_ws/build/crane_x7_description' returned '0': CMAKE_PREFIX_PATH=${CMAKE_PREFIX_PATH}:/home/chujoken/ros2_ws/install/crane_x7_examples_py:/opt/ros/jazzy DEBUGINFOD_URLS=https://debuginfod.ubuntu.com /usr/bin/cmake --build /home/chujoken/ros2_ws/build/crane_x7_description -- -j16 -l16
[1.319s] Invoking command in '/home/chujoken/ros2_ws/build/crane_x7_description': CMAKE_PREFIX_PATH=${CMAKE_PREFIX_PATH}:/home/chujoken/ros2_ws/install/crane_x7_examples_py:/opt/ros/jazzy DEBUGINFOD_URLS=https://debuginfod.ubuntu.com /usr/bin/cmake --install /home/chujoken/ros2_ws/build/crane_x7_description
[1.324s] -- Install configuration: ""
[1.324s] -- Installing: /home/chujoken/ros2_ws/install/crane_x7_description/share/crane_x7_description//config
[1.325s] -- Installing: /home/chujoken/ros2_ws/install/crane_x7_description/share/crane_x7_description//config/dummy_controllers.yaml
[1.325s] -- Installing: /home/chujoken/ros2_ws/install/crane_x7_description/share/crane_x7_description//launch
[1.325s] -- Installing: /home/chujoken/ros2_ws/install/crane_x7_description/share/crane_x7_description//launch/display.launch.py
[1.325s] -- Installing: /home/chujoken/ros2_ws/install/crane_x7_description/share/crane_x7_description//launch/display.rviz
[1.325s] -- Installing: /home/chujoken/ros2_ws/install/crane_x7_description/share/crane_x7_description//meshes
[1.325s] -- Installing: /home/chujoken/ros2_ws/install/crane_x7_description/share/crane_x7_description//meshes/collision
[1.325s] -- Installing: /home/chujoken/ros2_ws/install/crane_x7_description/share/crane_x7_description//meshes/collision/rotating_link_type_1_revolute_part.stl
[1.325s] -- Installing: /home/chujoken/ros2_ws/install/crane_x7_description/share/crane_x7_description//meshes/collision/wide_two_finger_gripper_finger_a.skp
[1.325s] -- Installing: /home/chujoken/ros2_ws/install/crane_x7_description/share/crane_x7_description//meshes/collision/wide_two_finger_gripper_finger_a.stl
[1.325s] -- Installing: /home/chujoken/ros2_ws/install/crane_x7_description/share/crane_x7_description//meshes/collision/wrist.stl
[1.325s] -- Installing: /home/chujoken/ros2_ws/install/crane_x7_description/share/crane_x7_description//meshes/collision/rotating_link_type_2_fixed_part.stl
[1.325s] -- Installing: /home/chujoken/ros2_ws/install/crane_x7_description/share/crane_x7_description//meshes/collision/base_fixed_part.stl
[1.325s] -- Installing: /home/chujoken/ros2_ws/install/crane_x7_description/share/crane_x7_description//meshes/collision/wide_two_finger_gripper_finger_b.stl
[1.325s] -- Installing: /home/chujoken/ros2_ws/install/crane_x7_description/share/crane_x7_description//meshes/collision/base_fixed_part.skp
[1.327s] -- Installing: /home/chujoken/ros2_ws/install/crane_x7_description/share/crane_x7_description//meshes/collision/mounting_plate.skp
[1.327s] -- Installing: /home/chujoken/ros2_ws/install/crane_x7_description/share/crane_x7_description//meshes/collision/wrist.skp
[1.328s] -- Installing: /home/chujoken/ros2_ws/install/crane_x7_description/share/crane_x7_description//meshes/collision/rotating_link_type_1_revolute_part.skp
[1.329s] -- Installing: /home/chujoken/ros2_ws/install/crane_x7_description/share/crane_x7_description//meshes/collision/rotating_link_type_2_revolute_part.stl
[1.329s] -- Installing: /home/chujoken/ros2_ws/install/crane_x7_description/share/crane_x7_description//meshes/collision/mounting_plate.stl
[1.329s] -- Installing: /home/chujoken/ros2_ws/install/crane_x7_description/share/crane_x7_description//meshes/collision/rotating_link_type_1_fixed_part.stl
[1.330s] -- Installing: /home/chujoken/ros2_ws/install/crane_x7_description/share/crane_x7_description//meshes/collision/wide_two_finger_gripper_finger_b.skp
[1.330s] -- Installing: /home/chujoken/ros2_ws/install/crane_x7_description/share/crane_x7_description//meshes/collision/rotating_link_type_1_fixed_part.skp
[1.331s] -- Installing: /home/chujoken/ros2_ws/install/crane_x7_description/share/crane_x7_description//meshes/collision/rotating_link_type_2_revolute_part.skp
[1.333s] -- Installing: /home/chujoken/ros2_ws/install/crane_x7_description/share/crane_x7_description//meshes/collision/rotating_link_type_2_fixed_part.skp
[1.335s] -- Installing: /home/chujoken/ros2_ws/install/crane_x7_description/share/crane_x7_description//meshes/collision/wide_two_finger_gripper_actuator.skp
[1.335s] -- Installing: /home/chujoken/ros2_ws/install/crane_x7_description/share/crane_x7_description//meshes/collision/wide_two_finger_gripper_actuator.stl
[1.335s] -- Installing: /home/chujoken/ros2_ws/install/crane_x7_description/share/crane_x7_description//meshes/visual
[1.335s] -- Installing: /home/chujoken/ros2_ws/install/crane_x7_description/share/crane_x7_description//meshes/visual/rotating_link_type_1_revolute_part.stl
[1.336s] -- Installing: /home/chujoken/ros2_ws/install/crane_x7_description/share/crane_x7_description//meshes/visual/wide_two_finger_gripper_finger_a.stl
[1.336s] -- Installing: /home/chujoken/ros2_ws/install/crane_x7_description/share/crane_x7_description//meshes/visual/wrist.stl
[1.337s] -- Installing: /home/chujoken/ros2_ws/install/crane_x7_description/share/crane_x7_description//meshes/visual/rotating_link_type_2_fixed_part.stl
[1.337s] -- Installing: /home/chujoken/ros2_ws/install/crane_x7_description/share/crane_x7_description//meshes/visual/base_fixed_part.stl
[1.338s] -- Installing: /home/chujoken/ros2_ws/install/crane_x7_description/share/crane_x7_description//meshes/visual/wide_two_finger_gripper_finger_b.stl
[1.338s] -- Installing: /home/chujoken/ros2_ws/install/crane_x7_description/share/crane_x7_description//meshes/visual/rtcorp_logo_name.stl
[1.338s] -- Installing: /home/chujoken/ros2_ws/install/crane_x7_description/share/crane_x7_description//meshes/visual/base_revolute_part.stl
[1.338s] -- Installing: /home/chujoken/ros2_ws/install/crane_x7_description/share/crane_x7_description//meshes/visual/rotating_link_type_2_revolute_part.stl
[1.339s] -- Installing: /home/chujoken/ros2_ws/install/crane_x7_description/share/crane_x7_description//meshes/visual/mounting_plate.stl
[1.339s] -- Installing: /home/chujoken/ros2_ws/install/crane_x7_description/share/crane_x7_description//meshes/visual/rotating_link_type_1_fixed_part.stl
[1.339s] -- Installing: /home/chujoken/ros2_ws/install/crane_x7_description/share/crane_x7_description//meshes/visual/joint_cover.stl
[1.340s] -- Installing: /home/chujoken/ros2_ws/install/crane_x7_description/share/crane_x7_description//meshes/visual/rtcorp_logo_rabbit.stl
[1.340s] -- Installing: /home/chujoken/ros2_ws/install/crane_x7_description/share/crane_x7_description//meshes/visual/wide_two_finger_gripper_actuator.stl
[1.340s] -- Installing: /home/chujoken/ros2_ws/install/crane_x7_description/share/crane_x7_description//urdf
[1.340s] -- Installing: /home/chujoken/ros2_ws/install/crane_x7_description/share/crane_x7_description//urdf/crane_x7_wide_two_finger_gripper.xacro
[1.340s] -- Installing: /home/chujoken/ros2_ws/install/crane_x7_description/share/crane_x7_description//urdf/crane_x7_arm.xacro
[1.340s] -- Installing: /home/chujoken/ros2_ws/install/crane_x7_description/share/crane_x7_description//urdf/crane_x7.urdf.xacro
[1.340s] -- Installing: /home/chujoken/ros2_ws/install/crane_x7_description/share/crane_x7_description//urdf/crane_x7_rt_logos.xacro
[1.340s] -- Installing: /home/chujoken/ros2_ws/install/crane_x7_description/share/crane_x7_description//urdf/crane_x7.xacro
[1.340s] -- Installing: /home/chujoken/ros2_ws/install/crane_x7_description/share/crane_x7_description//urdf/crane_x7_mounting_plate.xacro
[1.341s] -- Installing: /home/chujoken/ros2_ws/install/crane_x7_description/share/crane_x7_description//urdf/crane_x7.gazebo.xacro
[1.341s] -- Installing: /home/chujoken/ros2_ws/install/crane_x7_description/share/crane_x7_description//urdf/crane_x7.gazebo_ros2_control.xacro
[1.341s] -- Installing: /home/chujoken/ros2_ws/install/crane_x7_description/share/crane_x7_description//urdf/crane_x7.ros2_control.xacro
[1.341s] -- Installing: /home/chujoken/ros2_ws/install/crane_x7_description/share/crane_x7_description/environment/pythonpath.sh
[1.341s] -- Installing: /home/chujoken/ros2_ws/install/crane_x7_description/share/crane_x7_description/environment/pythonpath.dsv
[1.341s] -- Installing: /home/chujoken/ros2_ws/install/crane_x7_description/lib/python3.12/site-packages/crane_x7_description-4.0.0-py3.12.egg-info
[1.341s] -- Installing: /home/chujoken/ros2_ws/install/crane_x7_description/lib/python3.12/site-packages/crane_x7_description-4.0.0-py3.12.egg-info/PKG-INFO
[1.341s] -- Installing: /home/chujoken/ros2_ws/install/crane_x7_description/lib/python3.12/site-packages/crane_x7_description-4.0.0-py3.12.egg-info/dependency_links.txt
[1.341s] -- Installing: /home/chujoken/ros2_ws/install/crane_x7_description/lib/python3.12/site-packages/crane_x7_description-4.0.0-py3.12.egg-info/SOURCES.txt
[1.341s] -- Installing: /home/chujoken/ros2_ws/install/crane_x7_description/lib/python3.12/site-packages/crane_x7_description-4.0.0-py3.12.egg-info/top_level.txt
[1.341s] -- Installing: /home/chujoken/ros2_ws/install/crane_x7_description/lib/python3.12/site-packages/crane_x7_description
[1.341s] -- Installing: /home/chujoken/ros2_ws/install/crane_x7_description/lib/python3.12/site-packages/crane_x7_description/robot_description_loader.py
[1.341s] -- Installing: /home/chujoken/ros2_ws/install/crane_x7_description/lib/python3.12/site-packages/crane_x7_description/__init__.py
[1.368s] Listing '/home/chujoken/ros2_ws/install/crane_x7_description/lib/python3.12/site-packages/crane_x7_description'...
[1.368s] Compiling '/home/chujoken/ros2_ws/install/crane_x7_description/lib/python3.12/site-packages/crane_x7_description/__init__.py'...
[1.368s] Compiling '/home/chujoken/ros2_ws/install/crane_x7_description/lib/python3.12/site-packages/crane_x7_description/robot_description_loader.py'...
[1.371s] -- Installing: /home/chujoken/ros2_ws/install/crane_x7_description/lib/crane_x7_description/robot_description_loader.py
[1.371s] -- Installing: /home/chujoken/ros2_ws/install/crane_x7_description/share/ament_index/resource_index/package_run_dependencies/crane_x7_description
[1.372s] -- Installing: /home/chujoken/ros2_ws/install/crane_x7_description/share/ament_index/resource_index/parent_prefix_path/crane_x7_description
[1.372s] -- Installing: /home/chujoken/ros2_ws/install/crane_x7_description/share/crane_x7_description/environment/ament_prefix_path.sh
[1.372s] -- Installing: /home/chujoken/ros2_ws/install/crane_x7_description/share/crane_x7_description/environment/ament_prefix_path.dsv
[1.372s] -- Installing: /home/chujoken/ros2_ws/install/crane_x7_description/share/crane_x7_description/environment/path.sh
[1.372s] -- Installing: /home/chujoken/ros2_ws/install/crane_x7_description/share/crane_x7_description/environment/path.dsv
[1.372s] -- Installing: /home/chujoken/ros2_ws/install/crane_x7_description/share/crane_x7_description/local_setup.bash
[1.372s] -- Installing: /home/chujoken/ros2_ws/install/crane_x7_description/share/crane_x7_description/local_setup.sh
[1.372s] -- Installing: /home/chujoken/ros2_ws/install/crane_x7_description/share/crane_x7_description/local_setup.zsh
[1.372s] -- Installing: /home/chujoken/ros2_ws/install/crane_x7_description/share/crane_x7_description/local_setup.dsv
[1.372s] -- Installing: /home/chujoken/ros2_ws/install/crane_x7_description/share/crane_x7_description/package.dsv
[1.372s] -- Installing: /home/chujoken/ros2_ws/install/crane_x7_description/share/ament_index/resource_index/packages/crane_x7_description
[1.373s] -- Installing: /home/chujoken/ros2_ws/install/crane_x7_description/share/crane_x7_description/cmake/crane_x7_descriptionConfig.cmake
[1.373s] -- Installing: /home/chujoken/ros2_ws/install/crane_x7_description/share/crane_x7_description/cmake/crane_x7_descriptionConfig-version.cmake
[1.373s] -- Installing: /home/chujoken/ros2_ws/install/crane_x7_description/share/crane_x7_description/package.xml
[1.375s] Invoked command in '/home/chujoken/ros2_ws/build/crane_x7_description' returned '0': CMAKE_PREFIX_PATH=${CMAKE_PREFIX_PATH}:/home/chujoken/ros2_ws/install/crane_x7_examples_py:/opt/ros/jazzy DEBUGINFOD_URLS=https://debuginfod.ubuntu.com /usr/bin/cmake --install /home/chujoken/ros2_ws/build/crane_x7_description
