[0.832s] Invoking command in '/home/chujoken/ros2_ws/src/crane_x7_ros/crane_x7_examples_py': CMAKE_PREFIX_PATH=/home/chujoken/ros2_ws/install/crane_x7_moveit_config:/home/chujoken/ros2_ws/install/crane_x7_control:/home/chujoken/ros2_ws/install/crane_x7_description:/home/chujoken/ros2_ws/install/crane_x7:/home/chujoken/ros2_ws/install/crane_x7_examples:/home/chujoken/ros2_ws/install/crane_x7_gazebo:/opt/ros/jazzy/opt/gz_sim_vendor:/opt/ros/jazzy/opt/gz_sensors_vendor:/opt/ros/jazzy/opt/gz_physics_vendor:/opt/ros/jazzy/opt/sdformat_vendor:/opt/ros/jazzy/opt/gz_gui_vendor:/opt/ros/jazzy/opt/gz_transport_vendor:/opt/ros/jazzy/opt/gz_rendering_vendor:/opt/ros/jazzy/opt/gz_plugin_vendor:/opt/ros/jazzy/opt/gz_fuel_tools_vendor:/opt/ros/jazzy/opt/gz_msgs_vendor:/opt/ros/jazzy/opt/gz_common_vendor:/opt/ros/jazzy/opt/gz_math_vendor:/opt/ros/jazzy/opt/gz_utils_vendor:/opt/ros/jazzy/opt/gz_tools_vendor:/opt/ros/jazzy/opt/gz_ogre_next_vendor:/opt/ros/jazzy/opt/gz_dartsim_vendor:/opt/ros/jazzy/opt/gz_cmake_vendor DEBUGINFOD_URLS=https://debuginfod.ubuntu.com PYTHONPATH=/home/chujoken/ros2_ws/build/crane_x7_examples_py/prefix_override:/usr/lib/python3/dist-packages/colcon_core/task/python/colcon_distutils_commands:/home/chujoken/ros2_ws/install/crane_x7_examples_py/lib/python3.12/site-packages:/home/chujoken/ros2_ws/install/crane_x7_description/lib/python3.12/site-packages:/home/chujoken/ros2_ws_3/build/crane_x7_examples_py:/home/chujoken/ros2_ws/install/crane_x7_examples_py/lib/python3.12/site-packages:/opt/ros/jazzy/lib/python3.12/site-packages /usr/bin/python3 -W ignore:setup.py install is deprecated -W ignore:easy_install command is deprecated setup.py egg_info --egg-base ../../../build/crane_x7_examples_py build --build-base /home/chujoken/ros2_ws/build/crane_x7_examples_py/build install --record /home/chujoken/ros2_ws/build/crane_x7_examples_py/install.log --single-version-externally-managed install_data
[1.102s] running egg_info
[1.125s] writing ../../../build/crane_x7_examples_py/crane_x7_examples_py.egg-info/PKG-INFO
[1.126s] writing dependency_links to ../../../build/crane_x7_examples_py/crane_x7_examples_py.egg-info/dependency_links.txt
[1.126s] writing entry points to ../../../build/crane_x7_examples_py/crane_x7_examples_py.egg-info/entry_points.txt
[1.126s] writing requirements to ../../../build/crane_x7_examples_py/crane_x7_examples_py.egg-info/requires.txt
[1.126s] writing top-level names to ../../../build/crane_x7_examples_py/crane_x7_examples_py.egg-info/top_level.txt
[1.173s] reading manifest file '../../../build/crane_x7_examples_py/crane_x7_examples_py.egg-info/SOURCES.txt'
[1.174s] writing manifest file '../../../build/crane_x7_examples_py/crane_x7_examples_py.egg-info/SOURCES.txt'
[1.174s] running build
[1.174s] running build_py
[1.174s] running install
[1.179s] running install_lib
[1.203s] running install_data
[1.203s] running install_egg_info
[1.227s] removing '/home/chujoken/ros2_ws/install/crane_x7_examples_py/lib/python3.12/site-packages/crane_x7_examples_py-5.0.0-py3.12.egg-info' (and everything under it)
[1.227s] Copying ../../../build/crane_x7_examples_py/crane_x7_examples_py.egg-info to /home/chujoken/ros2_ws/install/crane_x7_examples_py/lib/python3.12/site-packages/crane_x7_examples_py-5.0.0-py3.12.egg-info
[1.228s] running install_scripts
[1.366s] Installing aruco_detection script to /home/chujoken/ros2_ws/install/crane_x7_examples_py/lib/crane_x7_examples_py
[1.366s] Installing color_detection script to /home/chujoken/ros2_ws/install/crane_x7_examples_py/lib/crane_x7_examples_py
[1.366s] Installing gripper_control script to /home/chujoken/ros2_ws/install/crane_x7_examples_py/lib/crane_x7_examples_py
[1.366s] Installing joint_values script to /home/chujoken/ros2_ws/install/crane_x7_examples_py/lib/crane_x7_examples_py
[1.367s] Installing pick_and_place script to /home/chujoken/ros2_ws/install/crane_x7_examples_py/lib/crane_x7_examples_py
[1.367s] Installing pick_and_place_tf script to /home/chujoken/ros2_ws/install/crane_x7_examples_py/lib/crane_x7_examples_py
[1.367s] Installing pose_groupstate script to /home/chujoken/ros2_ws/install/crane_x7_examples_py/lib/crane_x7_examples_py
[1.367s] writing list of installed files to '/home/chujoken/ros2_ws/build/crane_x7_examples_py/install.log'
[1.383s] Invoked command in '/home/chujoken/ros2_ws/src/crane_x7_ros/crane_x7_examples_py' returned '0': CMAKE_PREFIX_PATH=/home/chujoken/ros2_ws/install/crane_x7_moveit_config:/home/chujoken/ros2_ws/install/crane_x7_control:/home/chujoken/ros2_ws/install/crane_x7_description:/home/chujoken/ros2_ws/install/crane_x7:/home/chujoken/ros2_ws/install/crane_x7_examples:/home/chujoken/ros2_ws/install/crane_x7_gazebo:/opt/ros/jazzy/opt/gz_sim_vendor:/opt/ros/jazzy/opt/gz_sensors_vendor:/opt/ros/jazzy/opt/gz_physics_vendor:/opt/ros/jazzy/opt/sdformat_vendor:/opt/ros/jazzy/opt/gz_gui_vendor:/opt/ros/jazzy/opt/gz_transport_vendor:/opt/ros/jazzy/opt/gz_rendering_vendor:/opt/ros/jazzy/opt/gz_plugin_vendor:/opt/ros/jazzy/opt/gz_fuel_tools_vendor:/opt/ros/jazzy/opt/gz_msgs_vendor:/opt/ros/jazzy/opt/gz_common_vendor:/opt/ros/jazzy/opt/gz_math_vendor:/opt/ros/jazzy/opt/gz_utils_vendor:/opt/ros/jazzy/opt/gz_tools_vendor:/opt/ros/jazzy/opt/gz_ogre_next_vendor:/opt/ros/jazzy/opt/gz_dartsim_vendor:/opt/ros/jazzy/opt/gz_cmake_vendor DEBUGINFOD_URLS=https://debuginfod.ubuntu.com PYTHONPATH=/home/chujoken/ros2_ws/build/crane_x7_examples_py/prefix_override:/usr/lib/python3/dist-packages/colcon_core/task/python/colcon_distutils_commands:/home/chujoken/ros2_ws/install/crane_x7_examples_py/lib/python3.12/site-packages:/home/chujoken/ros2_ws/install/crane_x7_description/lib/python3.12/site-packages:/home/chujoken/ros2_ws_3/build/crane_x7_examples_py:/home/chujoken/ros2_ws/install/crane_x7_examples_py/lib/python3.12/site-packages:/opt/ros/jazzy/lib/python3.12/site-packages /usr/bin/python3 -W ignore:setup.py install is deprecated -W ignore:easy_install command is deprecated setup.py egg_info --egg-base ../../../build/crane_x7_examples_py build --build-base /home/chujoken/ros2_ws/build/crane_x7_examples_py/build install --record /home/chujoken/ros2_ws/build/crane_x7_examples_py/install.log --single-version-externally-managed install_data
