/home/chujoken/ros2_ws/install/crane_x7_examples_py/lib/python3.12/site-packages/crane_x7_examples_py/color_detection.py
/home/chujoken/ros2_ws/install/crane_x7_examples_py/lib/python3.12/site-packages/crane_x7_examples_py/utils.py
/home/chujoken/ros2_ws/install/crane_x7_examples_py/lib/python3.12/site-packages/crane_x7_examples_py/pick_and_place.py
/home/chujoken/ros2_ws/install/crane_x7_examples_py/lib/python3.12/site-packages/crane_x7_examples_py/pick_and_place_tf.py
/home/chujoken/ros2_ws/install/crane_x7_examples_py/lib/python3.12/site-packages/crane_x7_examples_py/__init__.py
/home/chujoken/ros2_ws/install/crane_x7_examples_py/lib/python3.12/site-packages/crane_x7_examples_py/joint_values.py
/home/chujoken/ros2_ws/install/crane_x7_examples_py/lib/python3.12/site-packages/crane_x7_examples_py/pose_groupstate.py
/home/chujoken/ros2_ws/install/crane_x7_examples_py/lib/python3.12/site-packages/crane_x7_examples_py/aruco_detection.py
/home/chujoken/ros2_ws/install/crane_x7_examples_py/lib/python3.12/site-packages/crane_x7_examples_py/gripper_control.py
/home/chujoken/ros2_ws/install/crane_x7_examples_py/lib/python3.12/site-packages/crane_x7_examples_py/__pycache__/color_detection.cpython-312.pyc
/home/chujoken/ros2_ws/install/crane_x7_examples_py/lib/python3.12/site-packages/crane_x7_examples_py/__pycache__/utils.cpython-312.pyc
/home/chujoken/ros2_ws/install/crane_x7_examples_py/lib/python3.12/site-packages/crane_x7_examples_py/__pycache__/pick_and_place.cpython-312.pyc
/home/chujoken/ros2_ws/install/crane_x7_examples_py/lib/python3.12/site-packages/crane_x7_examples_py/__pycache__/pick_and_place_tf.cpython-312.pyc
/home/chujoken/ros2_ws/install/crane_x7_examples_py/lib/python3.12/site-packages/crane_x7_examples_py/__pycache__/__init__.cpython-312.pyc
/home/chujoken/ros2_ws/install/crane_x7_examples_py/lib/python3.12/site-packages/crane_x7_examples_py/__pycache__/joint_values.cpython-312.pyc
/home/chujoken/ros2_ws/install/crane_x7_examples_py/lib/python3.12/site-packages/crane_x7_examples_py/__pycache__/pose_groupstate.cpython-312.pyc
/home/chujoken/ros2_ws/install/crane_x7_examples_py/lib/python3.12/site-packages/crane_x7_examples_py/__pycache__/aruco_detection.cpython-312.pyc
/home/chujoken/ros2_ws/install/crane_x7_examples_py/lib/python3.12/site-packages/crane_x7_examples_py/__pycache__/gripper_control.cpython-312.pyc
/home/chujoken/ros2_ws/install/crane_x7_examples_py/share/ament_index/resource_index/packages/crane_x7_examples_py
/home/chujoken/ros2_ws/install/crane_x7_examples_py/share/crane_x7_examples_py/package.xml
/home/chujoken/ros2_ws/install/crane_x7_examples_py/share/crane_x7_examples_py/launch/example.launch.py
/home/chujoken/ros2_ws/install/crane_x7_examples_py/share/crane_x7_examples_py/launch/camera_example.launch.py
/home/chujoken/ros2_ws/install/crane_x7_examples_py/share/crane_x7_examples_py/config/crane_x7_moveit_py_examples.yaml
/home/chujoken/ros2_ws/install/crane_x7_examples_py/lib/python3.12/site-packages/crane_x7_examples_py-5.0.0-py3.12.egg-info/zip-safe
/home/chujoken/ros2_ws/install/crane_x7_examples_py/lib/python3.12/site-packages/crane_x7_examples_py-5.0.0-py3.12.egg-info/requires.txt
/home/chujoken/ros2_ws/install/crane_x7_examples_py/lib/python3.12/site-packages/crane_x7_examples_py-5.0.0-py3.12.egg-info/PKG-INFO
/home/chujoken/ros2_ws/install/crane_x7_examples_py/lib/python3.12/site-packages/crane_x7_examples_py-5.0.0-py3.12.egg-info/entry_points.txt
/home/chujoken/ros2_ws/install/crane_x7_examples_py/lib/python3.12/site-packages/crane_x7_examples_py-5.0.0-py3.12.egg-info/dependency_links.txt
/home/chujoken/ros2_ws/install/crane_x7_examples_py/lib/python3.12/site-packages/crane_x7_examples_py-5.0.0-py3.12.egg-info/SOURCES.txt
/home/chujoken/ros2_ws/install/crane_x7_examples_py/lib/python3.12/site-packages/crane_x7_examples_py-5.0.0-py3.12.egg-info/top_level.txt
/home/chujoken/ros2_ws/install/crane_x7_examples_py/lib/crane_x7_examples_py/aruco_detection
/home/chujoken/ros2_ws/install/crane_x7_examples_py/lib/crane_x7_examples_py/color_detection
/home/chujoken/ros2_ws/install/crane_x7_examples_py/lib/crane_x7_examples_py/gripper_control
/home/chujoken/ros2_ws/install/crane_x7_examples_py/lib/crane_x7_examples_py/joint_values
/home/chujoken/ros2_ws/install/crane_x7_examples_py/lib/crane_x7_examples_py/pick_and_place
/home/chujoken/ros2_ws/install/crane_x7_examples_py/lib/crane_x7_examples_py/pick_and_place_tf
/home/chujoken/ros2_ws/install/crane_x7_examples_py/lib/crane_x7_examples_py/pose_groupstate
