[0.007s] Invoking command in '/home/chujoken/ros2_ws/build/crane_x7_gazebo': CMAKE_PREFIX_PATH=${CMAKE_PREFIX_PATH}:/home/chujoken/ros2_ws/install/crane_x7_examples_py:/opt/ros/jazzy DEBUGINFOD_URLS=https://debuginfod.ubuntu.com /usr/bin/cmake /home/chujoken/ros2_ws/src/crane_x7_ros/crane_x7_gazebo -DCMAKE_INSTALL_PREFIX=/home/chujoken/ros2_ws/install/crane_x7_gazebo
[0.045s] -- The C compiler identification is GNU 13.3.0
[0.085s] -- The CXX compiler identification is GNU 13.3.0
[0.095s] -- Detecting C compiler ABI info
[0.155s] -- Detecting C compiler ABI info - done
[0.162s] -- Check for working C compiler: /usr/bin/cc - skipped
[0.162s] -- Detecting C compile features
[0.163s] -- Detecting C compile features - done
[0.170s] -- Detecting CXX compiler ABI info
[0.240s] -- Detecting CXX compiler ABI info - done
[0.248s] -- Check for working CXX compiler: /usr/bin/c++ - skipped
[0.248s] -- Detecting CXX compile features
[0.248s] -- Detecting CXX compile features - done
[0.251s] -- Found ament_cmake: 2.5.6 (/opt/ros/jazzy/share/ament_cmake/cmake)
[0.366s] -- Found Python3: /usr/bin/python3 (found version "3.12.3") found components: Interpreter 
[0.457s] -- Found ament_lint_auto: 0.17.5 (/opt/ros/jazzy/share/ament_lint_auto/cmake)
[0.546s] -- Added test 'copyright' to check source files copyright and LICENSE
[0.547s] -- Added test 'flake8' to check Python code syntax and style conventions
[0.547s] -- Configured 'flake8' exclude dirs and/or files: 
[0.548s] -- Added test 'lint_cmake' to check CMake code style
[0.548s] -- Added test 'pep257' to check Python code against some of the docstring style conventions in PEP 257
[0.549s] -- Added test 'xmllint' to check XML markup files
[0.551s] -- Configuring done (0.5s)
[0.553s] -- Generating done (0.0s)
[0.554s] -- Build files have been written to: /home/chujoken/ros2_ws/build/crane_x7_gazebo
[0.558s] Invoked command in '/home/chujoken/ros2_ws/build/crane_x7_gazebo' returned '0': CMAKE_PREFIX_PATH=${CMAKE_PREFIX_PATH}:/home/chujoken/ros2_ws/install/crane_x7_examples_py:/opt/ros/jazzy DEBUGINFOD_URLS=https://debuginfod.ubuntu.com /usr/bin/cmake /home/chujoken/ros2_ws/src/crane_x7_ros/crane_x7_gazebo -DCMAKE_INSTALL_PREFIX=/home/chujoken/ros2_ws/install/crane_x7_gazebo
[0.559s] Invoking command in '/home/chujoken/ros2_ws/build/crane_x7_gazebo': CMAKE_PREFIX_PATH=${CMAKE_PREFIX_PATH}:/home/chujoken/ros2_ws/install/crane_x7_examples_py:/opt/ros/jazzy DEBUGINFOD_URLS=https://debuginfod.ubuntu.com /usr/bin/cmake --build /home/chujoken/ros2_ws/build/crane_x7_gazebo -- -j16 -l16
[0.586s] Invoked command in '/home/chujoken/ros2_ws/build/crane_x7_gazebo' returned '0': CMAKE_PREFIX_PATH=${CMAKE_PREFIX_PATH}:/home/chujoken/ros2_ws/install/crane_x7_examples_py:/opt/ros/jazzy DEBUGINFOD_URLS=https://debuginfod.ubuntu.com /usr/bin/cmake --build /home/chujoken/ros2_ws/build/crane_x7_gazebo -- -j16 -l16
[0.592s] Invoking command in '/home/chujoken/ros2_ws/build/crane_x7_gazebo': CMAKE_PREFIX_PATH=${CMAKE_PREFIX_PATH}:/home/chujoken/ros2_ws/install/crane_x7_examples_py:/opt/ros/jazzy DEBUGINFOD_URLS=https://debuginfod.ubuntu.com /usr/bin/cmake --install /home/chujoken/ros2_ws/build/crane_x7_gazebo
[0.599s] -- Install configuration: ""
[0.599s] -- Installing: /home/chujoken/ros2_ws/install/crane_x7_gazebo/share/crane_x7_gazebo//launch
[0.599s] -- Installing: /home/chujoken/ros2_ws/install/crane_x7_gazebo/share/crane_x7_gazebo//launch/crane_x7_with_table.launch.py
[0.599s] -- Installing: /home/chujoken/ros2_ws/install/crane_x7_gazebo/share/crane_x7_gazebo//worlds
[0.599s] -- Installing: /home/chujoken/ros2_ws/install/crane_x7_gazebo/share/crane_x7_gazebo//worlds/table.sdf
[0.599s] -- Installing: /home/chujoken/ros2_ws/install/crane_x7_gazebo/share/crane_x7_gazebo//gui
[0.599s] -- Installing: /home/chujoken/ros2_ws/install/crane_x7_gazebo/share/crane_x7_gazebo//gui/gui.config
[0.599s] -- Installing: /home/chujoken/ros2_ws/install/crane_x7_gazebo/share/ament_index/resource_index/package_run_dependencies/crane_x7_gazebo
[0.599s] -- Installing: /home/chujoken/ros2_ws/install/crane_x7_gazebo/share/ament_index/resource_index/parent_prefix_path/crane_x7_gazebo
[0.599s] -- Installing: /home/chujoken/ros2_ws/install/crane_x7_gazebo/share/crane_x7_gazebo/environment/ament_prefix_path.sh
[0.599s] -- Installing: /home/chujoken/ros2_ws/install/crane_x7_gazebo/share/crane_x7_gazebo/environment/ament_prefix_path.dsv
[0.599s] -- Installing: /home/chujoken/ros2_ws/install/crane_x7_gazebo/share/crane_x7_gazebo/environment/path.sh
[0.599s] -- Installing: /home/chujoken/ros2_ws/install/crane_x7_gazebo/share/crane_x7_gazebo/environment/path.dsv
[0.600s] -- Installing: /home/chujoken/ros2_ws/install/crane_x7_gazebo/share/crane_x7_gazebo/local_setup.bash
[0.600s] -- Installing: /home/chujoken/ros2_ws/install/crane_x7_gazebo/share/crane_x7_gazebo/local_setup.sh
[0.600s] -- Installing: /home/chujoken/ros2_ws/install/crane_x7_gazebo/share/crane_x7_gazebo/local_setup.zsh
[0.600s] -- Installing: /home/chujoken/ros2_ws/install/crane_x7_gazebo/share/crane_x7_gazebo/local_setup.dsv
[0.600s] -- Installing: /home/chujoken/ros2_ws/install/crane_x7_gazebo/share/crane_x7_gazebo/package.dsv
[0.600s] -- Installing: /home/chujoken/ros2_ws/install/crane_x7_gazebo/share/ament_index/resource_index/packages/crane_x7_gazebo
[0.600s] -- Installing: /home/chujoken/ros2_ws/install/crane_x7_gazebo/share/crane_x7_gazebo/cmake/crane_x7_gazeboConfig.cmake
[0.600s] -- Installing: /home/chujoken/ros2_ws/install/crane_x7_gazebo/share/crane_x7_gazebo/cmake/crane_x7_gazeboConfig-version.cmake
[0.600s] -- Installing: /home/chujoken/ros2_ws/install/crane_x7_gazebo/share/crane_x7_gazebo/package.xml
[0.601s] Invoked command in '/home/chujoken/ros2_ws/build/crane_x7_gazebo' returned '0': CMAKE_PREFIX_PATH=${CMAKE_PREFIX_PATH}:/home/chujoken/ros2_ws/install/crane_x7_examples_py:/opt/ros/jazzy DEBUGINFOD_URLS=https://debuginfod.ubuntu.com /usr/bin/cmake --install /home/chujoken/ros2_ws/build/crane_x7_gazebo
