[0.009s] Invoking command in '/home/chujoken/ros2_ws/build/crane_x7': CMAKE_PREFIX_PATH=/home/chujoken/ros2_ws/install/crane_x7_examples:/home/chujoken/ros2_ws/install/crane_x7_moveit_config:/home/chujoken/ros2_ws/install/crane_x7_control:/home/chujoken/ros2_ws/install/crane_x7_gazebo:/home/chujoken/ros2_ws/install/crane_x7_description:/home/chujoken/ros2_ws/install/crane_x7:/opt/ros/jazzy/opt/gz_sim_vendor:/opt/ros/jazzy/opt/gz_sensors_vendor:/opt/ros/jazzy/opt/gz_physics_vendor:/opt/ros/jazzy/opt/sdformat_vendor:/opt/ros/jazzy/opt/gz_gui_vendor:/opt/ros/jazzy/opt/gz_transport_vendor:/opt/ros/jazzy/opt/gz_rendering_vendor:/opt/ros/jazzy/opt/gz_plugin_vendor:/opt/ros/jazzy/opt/gz_fuel_tools_vendor:/opt/ros/jazzy/opt/gz_msgs_vendor:/opt/ros/jazzy/opt/gz_common_vendor:/opt/ros/jazzy/opt/gz_math_vendor:/opt/ros/jazzy/opt/gz_utils_vendor:/opt/ros/jazzy/opt/gz_tools_vendor:/opt/ros/jazzy/opt/gz_ogre_next_vendor:/opt/ros/jazzy/opt/gz_dartsim_vendor:/opt/ros/jazzy/opt/gz_cmake_vendor:/home/chujoken/ros2_ws/install/crane_x7_examples_py:/opt/ros/jazzy DEBUGINFOD_URLS=https://debuginfod.ubuntu.com PYTHONPATH=/home/chujoken/ros2_ws/install/crane_x7_description/lib/python3.12/site-packages:/home/chujoken/ros2_ws_3/build/crane_x7_examples_py:/home/chujoken/ros2_ws/install/crane_x7_examples_py/lib/python3.12/site-packages:/opt/ros/jazzy/lib/python3.12/site-packages /usr/bin/cmake /home/chujoken/ros2_ws/src/crane_x7_ros/crane_x7 -DCMAKE_INSTALL_PREFIX=/home/chujoken/ros2_ws/install/crane_x7
[0.047s] -- The C compiler identification is GNU 13.3.0
[0.088s] -- The CXX compiler identification is GNU 13.3.0
[0.100s] -- Detecting C compiler ABI info
[0.169s] -- Detecting C compiler ABI info - done
[0.180s] -- Check for working C compiler: /usr/bin/cc - skipped
[0.180s] -- Detecting C compile features
[0.180s] -- Detecting C compile features - done
[0.189s] -- Detecting CXX compiler ABI info
[0.300s] -- Detecting CXX compiler ABI info - done
[0.310s] -- Check for working CXX compiler: /usr/bin/c++ - skipped
[0.311s] -- Detecting CXX compile features
[0.311s] -- Detecting CXX compile features - done
[0.315s] -- Found ament_cmake: 2.5.6 (/opt/ros/jazzy/share/ament_cmake/cmake)
[0.439s] -- Found Python3: /usr/bin/python3 (found version "3.12.3") found components: Interpreter 
[0.593s] -- Configuring done (0.6s)
[0.595s] -- Generating done (0.0s)
[0.596s] -- Build files have been written to: /home/chujoken/ros2_ws/build/crane_x7
[0.599s] Invoked command in '/home/chujoken/ros2_ws/build/crane_x7' returned '0': CMAKE_PREFIX_PATH=/home/chujoken/ros2_ws/install/crane_x7_examples:/home/chujoken/ros2_ws/install/crane_x7_moveit_config:/home/chujoken/ros2_ws/install/crane_x7_control:/home/chujoken/ros2_ws/install/crane_x7_gazebo:/home/chujoken/ros2_ws/install/crane_x7_description:/home/chujoken/ros2_ws/install/crane_x7:/opt/ros/jazzy/opt/gz_sim_vendor:/opt/ros/jazzy/opt/gz_sensors_vendor:/opt/ros/jazzy/opt/gz_physics_vendor:/opt/ros/jazzy/opt/sdformat_vendor:/opt/ros/jazzy/opt/gz_gui_vendor:/opt/ros/jazzy/opt/gz_transport_vendor:/opt/ros/jazzy/opt/gz_rendering_vendor:/opt/ros/jazzy/opt/gz_plugin_vendor:/opt/ros/jazzy/opt/gz_fuel_tools_vendor:/opt/ros/jazzy/opt/gz_msgs_vendor:/opt/ros/jazzy/opt/gz_common_vendor:/opt/ros/jazzy/opt/gz_math_vendor:/opt/ros/jazzy/opt/gz_utils_vendor:/opt/ros/jazzy/opt/gz_tools_vendor:/opt/ros/jazzy/opt/gz_ogre_next_vendor:/opt/ros/jazzy/opt/gz_dartsim_vendor:/opt/ros/jazzy/opt/gz_cmake_vendor:/home/chujoken/ros2_ws/install/crane_x7_examples_py:/opt/ros/jazzy DEBUGINFOD_URLS=https://debuginfod.ubuntu.com PYTHONPATH=/home/chujoken/ros2_ws/install/crane_x7_description/lib/python3.12/site-packages:/home/chujoken/ros2_ws_3/build/crane_x7_examples_py:/home/chujoken/ros2_ws/install/crane_x7_examples_py/lib/python3.12/site-packages:/opt/ros/jazzy/lib/python3.12/site-packages /usr/bin/cmake /home/chujoken/ros2_ws/src/crane_x7_ros/crane_x7 -DCMAKE_INSTALL_PREFIX=/home/chujoken/ros2_ws/install/crane_x7
[0.600s] Invoking command in '/home/chujoken/ros2_ws/build/crane_x7': CMAKE_PREFIX_PATH=/home/chujoken/ros2_ws/install/crane_x7_examples:/home/chujoken/ros2_ws/install/crane_x7_moveit_config:/home/chujoken/ros2_ws/install/crane_x7_control:/home/chujoken/ros2_ws/install/crane_x7_gazebo:/home/chujoken/ros2_ws/install/crane_x7_description:/home/chujoken/ros2_ws/install/crane_x7:/opt/ros/jazzy/opt/gz_sim_vendor:/opt/ros/jazzy/opt/gz_sensors_vendor:/opt/ros/jazzy/opt/gz_physics_vendor:/opt/ros/jazzy/opt/sdformat_vendor:/opt/ros/jazzy/opt/gz_gui_vendor:/opt/ros/jazzy/opt/gz_transport_vendor:/opt/ros/jazzy/opt/gz_rendering_vendor:/opt/ros/jazzy/opt/gz_plugin_vendor:/opt/ros/jazzy/opt/gz_fuel_tools_vendor:/opt/ros/jazzy/opt/gz_msgs_vendor:/opt/ros/jazzy/opt/gz_common_vendor:/opt/ros/jazzy/opt/gz_math_vendor:/opt/ros/jazzy/opt/gz_utils_vendor:/opt/ros/jazzy/opt/gz_tools_vendor:/opt/ros/jazzy/opt/gz_ogre_next_vendor:/opt/ros/jazzy/opt/gz_dartsim_vendor:/opt/ros/jazzy/opt/gz_cmake_vendor:/home/chujoken/ros2_ws/install/crane_x7_examples_py:/opt/ros/jazzy DEBUGINFOD_URLS=https://debuginfod.ubuntu.com PYTHONPATH=/home/chujoken/ros2_ws/install/crane_x7_description/lib/python3.12/site-packages:/home/chujoken/ros2_ws_3/build/crane_x7_examples_py:/home/chujoken/ros2_ws/install/crane_x7_examples_py/lib/python3.12/site-packages:/opt/ros/jazzy/lib/python3.12/site-packages /usr/bin/cmake --build /home/chujoken/ros2_ws/build/crane_x7 -- -j16 -l16
[0.627s] Invoked command in '/home/chujoken/ros2_ws/build/crane_x7' returned '0': CMAKE_PREFIX_PATH=/home/chujoken/ros2_ws/install/crane_x7_examples:/home/chujoken/ros2_ws/install/crane_x7_moveit_config:/home/chujoken/ros2_ws/install/crane_x7_control:/home/chujoken/ros2_ws/install/crane_x7_gazebo:/home/chujoken/ros2_ws/install/crane_x7_description:/home/chujoken/ros2_ws/install/crane_x7:/opt/ros/jazzy/opt/gz_sim_vendor:/opt/ros/jazzy/opt/gz_sensors_vendor:/opt/ros/jazzy/opt/gz_physics_vendor:/opt/ros/jazzy/opt/sdformat_vendor:/opt/ros/jazzy/opt/gz_gui_vendor:/opt/ros/jazzy/opt/gz_transport_vendor:/opt/ros/jazzy/opt/gz_rendering_vendor:/opt/ros/jazzy/opt/gz_plugin_vendor:/opt/ros/jazzy/opt/gz_fuel_tools_vendor:/opt/ros/jazzy/opt/gz_msgs_vendor:/opt/ros/jazzy/opt/gz_common_vendor:/opt/ros/jazzy/opt/gz_math_vendor:/opt/ros/jazzy/opt/gz_utils_vendor:/opt/ros/jazzy/opt/gz_tools_vendor:/opt/ros/jazzy/opt/gz_ogre_next_vendor:/opt/ros/jazzy/opt/gz_dartsim_vendor:/opt/ros/jazzy/opt/gz_cmake_vendor:/home/chujoken/ros2_ws/install/crane_x7_examples_py:/opt/ros/jazzy DEBUGINFOD_URLS=https://debuginfod.ubuntu.com PYTHONPATH=/home/chujoken/ros2_ws/install/crane_x7_description/lib/python3.12/site-packages:/home/chujoken/ros2_ws_3/build/crane_x7_examples_py:/home/chujoken/ros2_ws/install/crane_x7_examples_py/lib/python3.12/site-packages:/opt/ros/jazzy/lib/python3.12/site-packages /usr/bin/cmake --build /home/chujoken/ros2_ws/build/crane_x7 -- -j16 -l16
[0.627s] Invoking command in '/home/chujoken/ros2_ws/build/crane_x7': CMAKE_PREFIX_PATH=/home/chujoken/ros2_ws/install/crane_x7_examples:/home/chujoken/ros2_ws/install/crane_x7_moveit_config:/home/chujoken/ros2_ws/install/crane_x7_control:/home/chujoken/ros2_ws/install/crane_x7_gazebo:/home/chujoken/ros2_ws/install/crane_x7_description:/home/chujoken/ros2_ws/install/crane_x7:/opt/ros/jazzy/opt/gz_sim_vendor:/opt/ros/jazzy/opt/gz_sensors_vendor:/opt/ros/jazzy/opt/gz_physics_vendor:/opt/ros/jazzy/opt/sdformat_vendor:/opt/ros/jazzy/opt/gz_gui_vendor:/opt/ros/jazzy/opt/gz_transport_vendor:/opt/ros/jazzy/opt/gz_rendering_vendor:/opt/ros/jazzy/opt/gz_plugin_vendor:/opt/ros/jazzy/opt/gz_fuel_tools_vendor:/opt/ros/jazzy/opt/gz_msgs_vendor:/opt/ros/jazzy/opt/gz_common_vendor:/opt/ros/jazzy/opt/gz_math_vendor:/opt/ros/jazzy/opt/gz_utils_vendor:/opt/ros/jazzy/opt/gz_tools_vendor:/opt/ros/jazzy/opt/gz_ogre_next_vendor:/opt/ros/jazzy/opt/gz_dartsim_vendor:/opt/ros/jazzy/opt/gz_cmake_vendor:/home/chujoken/ros2_ws/install/crane_x7_examples_py:/opt/ros/jazzy DEBUGINFOD_URLS=https://debuginfod.ubuntu.com PYTHONPATH=/home/chujoken/ros2_ws/install/crane_x7_description/lib/python3.12/site-packages:/home/chujoken/ros2_ws_3/build/crane_x7_examples_py:/home/chujoken/ros2_ws/install/crane_x7_examples_py/lib/python3.12/site-packages:/opt/ros/jazzy/lib/python3.12/site-packages /usr/bin/cmake --install /home/chujoken/ros2_ws/build/crane_x7
[0.632s] -- Install configuration: ""
[0.633s] -- Installing: /home/chujoken/ros2_ws/install/crane_x7/share/ament_index/resource_index/package_run_dependencies/crane_x7
[0.633s] -- Installing: /home/chujoken/ros2_ws/install/crane_x7/share/ament_index/resource_index/parent_prefix_path/crane_x7
[0.633s] -- Installing: /home/chujoken/ros2_ws/install/crane_x7/share/crane_x7/environment/ament_prefix_path.sh
[0.633s] -- Installing: /home/chujoken/ros2_ws/install/crane_x7/share/crane_x7/environment/ament_prefix_path.dsv
[0.633s] -- Installing: /home/chujoken/ros2_ws/install/crane_x7/share/crane_x7/environment/path.sh
[0.633s] -- Installing: /home/chujoken/ros2_ws/install/crane_x7/share/crane_x7/environment/path.dsv
[0.633s] -- Installing: /home/chujoken/ros2_ws/install/crane_x7/share/crane_x7/local_setup.bash
[0.633s] -- Installing: /home/chujoken/ros2_ws/install/crane_x7/share/crane_x7/local_setup.sh
[0.633s] -- Installing: /home/chujoken/ros2_ws/install/crane_x7/share/crane_x7/local_setup.zsh
[0.633s] -- Installing: /home/chujoken/ros2_ws/install/crane_x7/share/crane_x7/local_setup.dsv
[0.633s] -- Installing: /home/chujoken/ros2_ws/install/crane_x7/share/crane_x7/package.dsv
[0.634s] -- Installing: /home/chujoken/ros2_ws/install/crane_x7/share/ament_index/resource_index/packages/crane_x7
[0.634s] -- Installing: /home/chujoken/ros2_ws/install/crane_x7/share/crane_x7/cmake/crane_x7Config.cmake
[0.634s] -- Installing: /home/chujoken/ros2_ws/install/crane_x7/share/crane_x7/cmake/crane_x7Config-version.cmake
[0.634s] -- Installing: /home/chujoken/ros2_ws/install/crane_x7/share/crane_x7/package.xml
[0.635s] Invoked command in '/home/chujoken/ros2_ws/build/crane_x7' returned '0': CMAKE_PREFIX_PATH=/home/chujoken/ros2_ws/install/crane_x7_examples:/home/chujoken/ros2_ws/install/crane_x7_moveit_config:/home/chujoken/ros2_ws/install/crane_x7_control:/home/chujoken/ros2_ws/install/crane_x7_gazebo:/home/chujoken/ros2_ws/install/crane_x7_description:/home/chujoken/ros2_ws/install/crane_x7:/opt/ros/jazzy/opt/gz_sim_vendor:/opt/ros/jazzy/opt/gz_sensors_vendor:/opt/ros/jazzy/opt/gz_physics_vendor:/opt/ros/jazzy/opt/sdformat_vendor:/opt/ros/jazzy/opt/gz_gui_vendor:/opt/ros/jazzy/opt/gz_transport_vendor:/opt/ros/jazzy/opt/gz_rendering_vendor:/opt/ros/jazzy/opt/gz_plugin_vendor:/opt/ros/jazzy/opt/gz_fuel_tools_vendor:/opt/ros/jazzy/opt/gz_msgs_vendor:/opt/ros/jazzy/opt/gz_common_vendor:/opt/ros/jazzy/opt/gz_math_vendor:/opt/ros/jazzy/opt/gz_utils_vendor:/opt/ros/jazzy/opt/gz_tools_vendor:/opt/ros/jazzy/opt/gz_ogre_next_vendor:/opt/ros/jazzy/opt/gz_dartsim_vendor:/opt/ros/jazzy/opt/gz_cmake_vendor:/home/chujoken/ros2_ws/install/crane_x7_examples_py:/opt/ros/jazzy DEBUGINFOD_URLS=https://debuginfod.ubuntu.com PYTHONPATH=/home/chujoken/ros2_ws/install/crane_x7_description/lib/python3.12/site-packages:/home/chujoken/ros2_ws_3/build/crane_x7_examples_py:/home/chujoken/ros2_ws/install/crane_x7_examples_py/lib/python3.12/site-packages:/opt/ros/jazzy/lib/python3.12/site-packages /usr/bin/cmake --install /home/chujoken/ros2_ws/build/crane_x7
