-- Install configuration: ""
-- Up-to-date: /home/chujoken/ros2_ws/install/crane_x7_gazebo/share/crane_x7_gazebo//launch
-- Up-to-date: /home/chujoken/ros2_ws/install/crane_x7_gazebo/share/crane_x7_gazebo//launch/crane_x7_with_table.launch.py
-- Up-to-date: /home/chujoken/ros2_ws/install/crane_x7_gazebo/share/crane_x7_gazebo//worlds
-- Up-to-date: /home/chujoken/ros2_ws/install/crane_x7_gazebo/share/crane_x7_gazebo//worlds/table.sdf
-- Up-to-date: /home/chujoken/ros2_ws/install/crane_x7_gazebo/share/crane_x7_gazebo//gui
-- Up-to-date: /home/chujoken/ros2_ws/install/crane_x7_gazebo/share/crane_x7_gazebo//gui/gui.config
-- Up-to-date: /home/chujoken/ros2_ws/install/crane_x7_gazebo/share/ament_index/resource_index/package_run_dependencies/crane_x7_gazebo
-- Up-to-date: /home/chujoken/ros2_ws/install/crane_x7_gazebo/share/ament_index/resource_index/parent_prefix_path/crane_x7_gazebo
-- Up-to-date: /home/chujoken/ros2_ws/install/crane_x7_gazebo/share/crane_x7_gazebo/environment/ament_prefix_path.sh
-- Up-to-date: /home/chujoken/ros2_ws/install/crane_x7_gazebo/share/crane_x7_gazebo/environment/ament_prefix_path.dsv
-- Up-to-date: /home/chujoken/ros2_ws/install/crane_x7_gazebo/share/crane_x7_gazebo/environment/path.sh
-- Up-to-date: /home/chujoken/ros2_ws/install/crane_x7_gazebo/share/crane_x7_gazebo/environment/path.dsv
-- Up-to-date: /home/chujoken/ros2_ws/install/crane_x7_gazebo/share/crane_x7_gazebo/local_setup.bash
-- Up-to-date: /home/chujoken/ros2_ws/install/crane_x7_gazebo/share/crane_x7_gazebo/local_setup.sh
-- Up-to-date: /home/chujoken/ros2_ws/install/crane_x7_gazebo/share/crane_x7_gazebo/local_setup.zsh
-- Up-to-date: /home/chujoken/ros2_ws/install/crane_x7_gazebo/share/crane_x7_gazebo/local_setup.dsv
-- Up-to-date: /home/chujoken/ros2_ws/install/crane_x7_gazebo/share/crane_x7_gazebo/package.dsv
-- Up-to-date: /home/chujoken/ros2_ws/install/crane_x7_gazebo/share/ament_index/resource_index/packages/crane_x7_gazebo
-- Up-to-date: /home/chujoken/ros2_ws/install/crane_x7_gazebo/share/crane_x7_gazebo/cmake/crane_x7_gazeboConfig.cmake
-- Up-to-date: /home/chujoken/ros2_ws/install/crane_x7_gazebo/share/crane_x7_gazebo/cmake/crane_x7_gazeboConfig-version.cmake
-- Up-to-date: /home/chujoken/ros2_ws/install/crane_x7_gazebo/share/crane_x7_gazebo/package.xml
